WARNING - 2025-10-09 23:28:24 --> [DEPRECATED] date_diff_in_days(): Implicitly marking parameter $date2 as nullable is deprecated, the explicit nullable type must be used instead in APPPATH\Helpers\date_helper.php on line 363.
 1 SYSTEMPATH\Common.php(641): include_once('D:\\Proyek-KP\\laragon\\www\\sib-k-main\\system\\Debug\\Exceptions.php')
 2 SYSTEMPATH\Autoloader\Autoloader.php(488): helper([...])
 3 SYSTEMPATH\Boot.php(287): CodeIgniter\Autoloader\Autoloader->loadHelpers()
 4 SYSTEMPATH\Boot.php(65): CodeIgniter\Boot::autoloadHelpers()
 5 FCPATH\index.php(59): CodeIgniter\Boot::bootWeb(Object(Config\Paths))
WARNING - 2025-10-09 23:28:31 --> [DEPRECATED] date_diff_in_days(): Implicitly marking parameter $date2 as nullable is deprecated, the explicit nullable type must be used instead in APPPATH\Helpers\date_helper.php on line 363.
 1 SYSTEMPATH\Common.php(641): include_once('D:\\Proyek-KP\\laragon\\www\\sib-k-main\\system\\Debug\\Exceptions.php')
 2 SYSTEMPATH\Autoloader\Autoloader.php(488): helper([...])
 3 SYSTEMPATH\Boot.php(287): CodeIgniter\Autoloader\Autoloader->loadHelpers()
 4 SYSTEMPATH\Boot.php(65): CodeIgniter\Boot::autoloadHelpers()
 5 FCPATH\index.php(59): CodeIgniter\Boot::bootWeb(Object(Config\Paths))
WARNING - 2025-10-09 23:32:14 --> [DEPRECATED] date_diff_in_days(): Implicitly marking parameter $date2 as nullable is deprecated, the explicit nullable type must be used instead in APPPATH\Helpers\date_helper.php on line 363.
 1 SYSTEMPATH\Common.php(641): include_once('D:\\Proyek-KP\\laragon\\www\\sib-k-main\\system\\Debug\\Exceptions.php')
 2 SYSTEMPATH\Autoloader\Autoloader.php(488): helper([...])
 3 SYSTEMPATH\Boot.php(287): CodeIgniter\Autoloader\Autoloader->loadHelpers()
 4 SYSTEMPATH\Boot.php(65): CodeIgniter\Boot::autoloadHelpers()
 5 FCPATH\index.php(59): CodeIgniter\Boot::bootWeb(Object(Config\Paths))
WARNING - 2025-10-09 23:32:14 --> [DEPRECATED] date_diff_in_days(): Implicitly marking parameter $date2 as nullable is deprecated, the explicit nullable type must be used instead in APPPATH\Helpers\date_helper.php on line 363.
 1 SYSTEMPATH\Common.php(641): include_once('D:\\Proyek-KP\\laragon\\www\\sib-k-main\\system\\Debug\\Exceptions.php')
 2 SYSTEMPATH\Autoloader\Autoloader.php(488): helper([...])
 3 SYSTEMPATH\Boot.php(287): CodeIgniter\Autoloader\Autoloader->loadHelpers()
 4 SYSTEMPATH\Boot.php(65): CodeIgniter\Boot::autoloadHelpers()
 5 FCPATH\index.php(59): CodeIgniter\Boot::bootWeb(Object(Config\Paths))
WARNING - 2025-10-09 23:32:14 --> [DEPRECATED] date_diff_in_days(): Implicitly marking parameter $date2 as nullable is deprecated, the explicit nullable type must be used instead in APPPATH\Helpers\date_helper.php on line 363.
 1 SYSTEMPATH\Common.php(641): include_once('D:\\Proyek-KP\\laragon\\www\\sib-k-main\\system\\Debug\\Exceptions.php')
 2 SYSTEMPATH\Autoloader\Autoloader.php(488): helper([...])
 3 SYSTEMPATH\Boot.php(287): CodeIgniter\Autoloader\Autoloader->loadHelpers()
 4 SYSTEMPATH\Boot.php(65): CodeIgniter\Boot::autoloadHelpers()
 5 FCPATH\index.php(59): CodeIgniter\Boot::bootWeb(Object(Config\Paths))
WARNING - 2025-10-09 23:32:20 --> [DEPRECATED] date_diff_in_days(): Implicitly marking parameter $date2 as nullable is deprecated, the explicit nullable type must be used instead in APPPATH\Helpers\date_helper.php on line 363.
 1 SYSTEMPATH\Common.php(641): include_once('D:\\Proyek-KP\\laragon\\www\\sib-k-main\\system\\Debug\\Exceptions.php')
 2 SYSTEMPATH\Autoloader\Autoloader.php(488): helper([...])
 3 SYSTEMPATH\Boot.php(287): CodeIgniter\Autoloader\Autoloader->loadHelpers()
 4 SYSTEMPATH\Boot.php(65): CodeIgniter\Boot::autoloadHelpers()
 5 FCPATH\index.php(59): CodeIgniter\Boot::bootWeb(Object(Config\Paths))
WARNING - 2025-10-09 23:32:20 --> [DEPRECATED] date_diff_in_days(): Implicitly marking parameter $date2 as nullable is deprecated, the explicit nullable type must be used instead in APPPATH\Helpers\date_helper.php on line 363.
 1 SYSTEMPATH\Common.php(641): include_once('D:\\Proyek-KP\\laragon\\www\\sib-k-main\\system\\Debug\\Exceptions.php')
 2 SYSTEMPATH\Autoloader\Autoloader.php(488): helper([...])
 3 SYSTEMPATH\Boot.php(287): CodeIgniter\Autoloader\Autoloader->loadHelpers()
 4 SYSTEMPATH\Boot.php(65): CodeIgniter\Boot::autoloadHelpers()
 5 FCPATH\index.php(59): CodeIgniter\Boot::bootWeb(Object(Config\Paths))
WARNING - 2025-10-09 23:32:20 --> [DEPRECATED] date_diff_in_days(): Implicitly marking parameter $date2 as nullable is deprecated, the explicit nullable type must be used instead in APPPATH\Helpers\date_helper.php on line 363.
 1 SYSTEMPATH\Common.php(641): include_once('D:\\Proyek-KP\\laragon\\www\\sib-k-main\\system\\Debug\\Exceptions.php')
 2 SYSTEMPATH\Autoloader\Autoloader.php(488): helper([...])
 3 SYSTEMPATH\Boot.php(287): CodeIgniter\Autoloader\Autoloader->loadHelpers()
 4 SYSTEMPATH\Boot.php(65): CodeIgniter\Boot::autoloadHelpers()
 5 FCPATH\index.php(59): CodeIgniter\Boot::bootWeb(Object(Config\Paths))
WARNING - 2025-10-09 23:32:20 --> [DEPRECATED] date_diff_in_days(): Implicitly marking parameter $date2 as nullable is deprecated, the explicit nullable type must be used instead in APPPATH\Helpers\date_helper.php on line 363.
 1 SYSTEMPATH\Common.php(641): include_once('D:\\Proyek-KP\\laragon\\www\\sib-k-main\\system\\Debug\\Exceptions.php')
 2 SYSTEMPATH\Autoloader\Autoloader.php(488): helper([...])
 3 SYSTEMPATH\Boot.php(287): CodeIgniter\Autoloader\Autoloader->loadHelpers()
 4 SYSTEMPATH\Boot.php(65): CodeIgniter\Boot::autoloadHelpers()
 5 FCPATH\index.php(59): CodeIgniter\Boot::bootWeb(Object(Config\Paths))
WARNING - 2025-10-09 23:32:25 --> [DEPRECATED] date_diff_in_days(): Implicitly marking parameter $date2 as nullable is deprecated, the explicit nullable type must be used instead in APPPATH\Helpers\date_helper.php on line 363.
 1 SYSTEMPATH\Common.php(641): include_once('D:\\Proyek-KP\\laragon\\www\\sib-k-main\\system\\Debug\\Exceptions.php')
 2 SYSTEMPATH\Autoloader\Autoloader.php(488): helper([...])
 3 SYSTEMPATH\Boot.php(287): CodeIgniter\Autoloader\Autoloader->loadHelpers()
 4 SYSTEMPATH\Boot.php(65): CodeIgniter\Boot::autoloadHelpers()
 5 FCPATH\index.php(59): CodeIgniter\Boot::bootWeb(Object(Config\Paths))
WARNING - 2025-10-09 23:32:25 --> [DEPRECATED] date_diff_in_days(): Implicitly marking parameter $date2 as nullable is deprecated, the explicit nullable type must be used instead in APPPATH\Helpers\date_helper.php on line 363.
 1 SYSTEMPATH\Common.php(641): include_once('D:\\Proyek-KP\\laragon\\www\\sib-k-main\\system\\Debug\\Exceptions.php')
 2 SYSTEMPATH\Autoloader\Autoloader.php(488): helper([...])
 3 SYSTEMPATH\Boot.php(287): CodeIgniter\Autoloader\Autoloader->loadHelpers()
 4 SYSTEMPATH\Boot.php(65): CodeIgniter\Boot::autoloadHelpers()
 5 FCPATH\index.php(59): CodeIgniter\Boot::bootWeb(Object(Config\Paths))
WARNING - 2025-10-09 23:32:25 --> [DEPRECATED] date_diff_in_days(): Implicitly marking parameter $date2 as nullable is deprecated, the explicit nullable type must be used instead in APPPATH\Helpers\date_helper.php on line 363.
 1 SYSTEMPATH\Common.php(641): include_once('D:\\Proyek-KP\\laragon\\www\\sib-k-main\\system\\Debug\\Exceptions.php')
 2 SYSTEMPATH\Autoloader\Autoloader.php(488): helper([...])
 3 SYSTEMPATH\Boot.php(287): CodeIgniter\Autoloader\Autoloader->loadHelpers()
 4 SYSTEMPATH\Boot.php(65): CodeIgniter\Boot::autoloadHelpers()
 5 FCPATH\index.php(59): CodeIgniter\Boot::bootWeb(Object(Config\Paths))
WARNING - 2025-10-09 23:32:25 --> [DEPRECATED] date_diff_in_days(): Implicitly marking parameter $date2 as nullable is deprecated, the explicit nullable type must be used instead in APPPATH\Helpers\date_helper.php on line 363.
 1 SYSTEMPATH\Common.php(641): include_once('D:\\Proyek-KP\\laragon\\www\\sib-k-main\\system\\Debug\\Exceptions.php')
 2 SYSTEMPATH\Autoloader\Autoloader.php(488): helper([...])
 3 SYSTEMPATH\Boot.php(287): CodeIgniter\Autoloader\Autoloader->loadHelpers()
 4 SYSTEMPATH\Boot.php(65): CodeIgniter\Boot::autoloadHelpers()
 5 FCPATH\index.php(59): CodeIgniter\Boot::bootWeb(Object(Config\Paths))
WARNING - 2025-10-09 23:32:26 --> [DEPRECATED] date_diff_in_days(): Implicitly marking parameter $date2 as nullable is deprecated, the explicit nullable type must be used instead in APPPATH\Helpers\date_helper.php on line 363.
 1 SYSTEMPATH\Common.php(641): include_once('D:\\Proyek-KP\\laragon\\www\\sib-k-main\\system\\Debug\\Exceptions.php')
 2 SYSTEMPATH\Autoloader\Autoloader.php(488): helper([...])
 3 SYSTEMPATH\Boot.php(287): CodeIgniter\Autoloader\Autoloader->loadHelpers()
 4 SYSTEMPATH\Boot.php(65): CodeIgniter\Boot::autoloadHelpers()
 5 FCPATH\index.php(59): CodeIgniter\Boot::bootWeb(Object(Config\Paths))
