WARNING - 2025-10-14 04:43:11 --> [DEPRECATED] date_diff_in_days(): Implicitly marking parameter $date2 as nullable is deprecated, the explicit nullable type must be used instead in APPPATH\Helpers\date_helper.php on line 363.
 1 SYSTEMPATH\Common.php(641): include_once('D:\\Proyek-KP\\laragon\\www\\sib-k-main\\system\\Debug\\Exceptions.php')
 2 SYSTEMPATH\Autoloader\Autoloader.php(488): helper([...])
 3 SYSTEMPATH\Boot.php(287): CodeIgniter\Autoloader\Autoloader->loadHelpers()
 4 SYSTEMPATH\Boot.php(65): CodeIgniter\Boot::autoloadHelpers()
 5 FCPATH\index.php(59): CodeIgniter\Boot::bootWeb(Object(Config\Paths))
DEBUG - 2025-10-14 11:43:12 --> Session: Class initialized using 'CodeIgniter\Session\Handlers\FileHandler' driver.
WARNING - 2025-10-14 11:43:12 --> [DEPRECATED] api_response(): Implicitly marking parameter $redirect_url as nullable is deprecated, the explicit nullable type must be used instead in APPPATH\Helpers\response_helper.php on line 323.
 1 SYSTEMPATH\Common.php(641): include_once('D:\\Proyek-KP\\laragon\\www\\sib-k-main\\system\\Debug\\Exceptions.php')
 2 SYSTEMPATH\Controller.php(94): helper([...])
 3 APPPATH\Controllers\BaseController.php(52): CodeIgniter\Controller->initController(Object(CodeIgniter\HTTP\IncomingRequest), Object(CodeIgniter\HTTP\Response), Object(CodeIgniter\Log\Logger))
 4 SYSTEMPATH\CodeIgniter.php(904): App\Controllers\BaseController->initController(Object(CodeIgniter\HTTP\IncomingRequest), Object(CodeIgniter\HTTP\Response), Object(CodeIgniter\Log\Logger))
 5 SYSTEMPATH\CodeIgniter.php(498): CodeIgniter\CodeIgniter->createController()
 6 SYSTEMPATH\CodeIgniter.php(354): CodeIgniter\CodeIgniter->handleRequest(null, Object(Config\Cache), false)
 7 SYSTEMPATH\Boot.php(363): CodeIgniter\CodeIgniter->run()
 8 SYSTEMPATH\Boot.php(68): CodeIgniter\Boot::runCodeIgniter(Object(CodeIgniter\CodeIgniter))
 9 FCPATH\index.php(59): CodeIgniter\Boot::bootWeb(Object(Config\Paths))
WARNING - 2025-10-14 11:43:12 --> [DEPRECATED] download_file(): Implicitly marking parameter $filename as nullable is deprecated, the explicit nullable type must be used instead in APPPATH\Helpers\response_helper.php on line 379.
 1 SYSTEMPATH\Common.php(641): include_once('D:\\Proyek-KP\\laragon\\www\\sib-k-main\\system\\Debug\\Exceptions.php')
 2 SYSTEMPATH\Controller.php(94): helper([...])
 3 APPPATH\Controllers\BaseController.php(52): CodeIgniter\Controller->initController(Object(CodeIgniter\HTTP\IncomingRequest), Object(CodeIgniter\HTTP\Response), Object(CodeIgniter\Log\Logger))
 4 SYSTEMPATH\CodeIgniter.php(904): App\Controllers\BaseController->initController(Object(CodeIgniter\HTTP\IncomingRequest), Object(CodeIgniter\HTTP\Response), Object(CodeIgniter\Log\Logger))
 5 SYSTEMPATH\CodeIgniter.php(498): CodeIgniter\CodeIgniter->createController()
 6 SYSTEMPATH\CodeIgniter.php(354): CodeIgniter\CodeIgniter->handleRequest(null, Object(Config\Cache), false)
 7 SYSTEMPATH\Boot.php(363): CodeIgniter\CodeIgniter->run()
 8 SYSTEMPATH\Boot.php(68): CodeIgniter\Boot::runCodeIgniter(Object(CodeIgniter\CodeIgniter))
 9 FCPATH\index.php(59): CodeIgniter\Boot::bootWeb(Object(Config\Paths))
WARNING - 2025-10-14 11:43:12 --> [DEPRECATED] check_access(): Implicitly marking parameter $redirect_to as nullable is deprecated, the explicit nullable type must be used instead in APPPATH\Helpers\permission_helper.php on line 506.
 1 SYSTEMPATH\Common.php(641): include_once('D:\\Proyek-KP\\laragon\\www\\sib-k-main\\system\\Debug\\Exceptions.php')
 2 SYSTEMPATH\Controller.php(94): helper([...])
 3 APPPATH\Controllers\BaseController.php(52): CodeIgniter\Controller->initController(Object(CodeIgniter\HTTP\IncomingRequest), Object(CodeIgniter\HTTP\Response), Object(CodeIgniter\Log\Logger))
 4 SYSTEMPATH\CodeIgniter.php(904): App\Controllers\BaseController->initController(Object(CodeIgniter\HTTP\IncomingRequest), Object(CodeIgniter\HTTP\Response), Object(CodeIgniter\Log\Logger))
 5 SYSTEMPATH\CodeIgniter.php(498): CodeIgniter\CodeIgniter->createController()
 6 SYSTEMPATH\CodeIgniter.php(354): CodeIgniter\CodeIgniter->handleRequest(null, Object(Config\Cache), false)
 7 SYSTEMPATH\Boot.php(363): CodeIgniter\CodeIgniter->run()
 8 SYSTEMPATH\Boot.php(68): CodeIgniter\Boot::runCodeIgniter(Object(CodeIgniter\CodeIgniter))
 9 FCPATH\index.php(59): CodeIgniter\Boot::bootWeb(Object(Config\Paths))
WARNING - 2025-10-14 04:43:24 --> [DEPRECATED] date_diff_in_days(): Implicitly marking parameter $date2 as nullable is deprecated, the explicit nullable type must be used instead in APPPATH\Helpers\date_helper.php on line 363.
 1 SYSTEMPATH\Common.php(641): include_once('D:\\Proyek-KP\\laragon\\www\\sib-k-main\\system\\Debug\\Exceptions.php')
 2 SYSTEMPATH\Autoloader\Autoloader.php(488): helper([...])
 3 SYSTEMPATH\Boot.php(287): CodeIgniter\Autoloader\Autoloader->loadHelpers()
 4 SYSTEMPATH\Boot.php(65): CodeIgniter\Boot::autoloadHelpers()
 5 FCPATH\index.php(59): CodeIgniter\Boot::bootWeb(Object(Config\Paths))
DEBUG - 2025-10-14 11:43:24 --> Session: Class initialized using 'CodeIgniter\Session\Handlers\FileHandler' driver.
WARNING - 2025-10-14 11:43:24 --> [DEPRECATED] api_response(): Implicitly marking parameter $redirect_url as nullable is deprecated, the explicit nullable type must be used instead in APPPATH\Helpers\response_helper.php on line 323.
 1 SYSTEMPATH\Common.php(641): include_once('D:\\Proyek-KP\\laragon\\www\\sib-k-main\\system\\Debug\\Exceptions.php')
 2 SYSTEMPATH\Controller.php(94): helper([...])
 3 APPPATH\Controllers\BaseController.php(52): CodeIgniter\Controller->initController(Object(CodeIgniter\HTTP\IncomingRequest), Object(CodeIgniter\HTTP\Response), Object(CodeIgniter\Log\Logger))
 4 SYSTEMPATH\CodeIgniter.php(904): App\Controllers\BaseController->initController(Object(CodeIgniter\HTTP\IncomingRequest), Object(CodeIgniter\HTTP\Response), Object(CodeIgniter\Log\Logger))
 5 SYSTEMPATH\CodeIgniter.php(498): CodeIgniter\CodeIgniter->createController()
 6 SYSTEMPATH\CodeIgniter.php(354): CodeIgniter\CodeIgniter->handleRequest(null, Object(Config\Cache), false)
 7 SYSTEMPATH\Boot.php(363): CodeIgniter\CodeIgniter->run()
 8 SYSTEMPATH\Boot.php(68): CodeIgniter\Boot::runCodeIgniter(Object(CodeIgniter\CodeIgniter))
 9 FCPATH\index.php(59): CodeIgniter\Boot::bootWeb(Object(Config\Paths))
WARNING - 2025-10-14 11:43:24 --> [DEPRECATED] download_file(): Implicitly marking parameter $filename as nullable is deprecated, the explicit nullable type must be used instead in APPPATH\Helpers\response_helper.php on line 379.
 1 SYSTEMPATH\Common.php(641): include_once('D:\\Proyek-KP\\laragon\\www\\sib-k-main\\system\\Debug\\Exceptions.php')
 2 SYSTEMPATH\Controller.php(94): helper([...])
 3 APPPATH\Controllers\BaseController.php(52): CodeIgniter\Controller->initController(Object(CodeIgniter\HTTP\IncomingRequest), Object(CodeIgniter\HTTP\Response), Object(CodeIgniter\Log\Logger))
 4 SYSTEMPATH\CodeIgniter.php(904): App\Controllers\BaseController->initController(Object(CodeIgniter\HTTP\IncomingRequest), Object(CodeIgniter\HTTP\Response), Object(CodeIgniter\Log\Logger))
 5 SYSTEMPATH\CodeIgniter.php(498): CodeIgniter\CodeIgniter->createController()
 6 SYSTEMPATH\CodeIgniter.php(354): CodeIgniter\CodeIgniter->handleRequest(null, Object(Config\Cache), false)
 7 SYSTEMPATH\Boot.php(363): CodeIgniter\CodeIgniter->run()
 8 SYSTEMPATH\Boot.php(68): CodeIgniter\Boot::runCodeIgniter(Object(CodeIgniter\CodeIgniter))
 9 FCPATH\index.php(59): CodeIgniter\Boot::bootWeb(Object(Config\Paths))
WARNING - 2025-10-14 11:43:24 --> [DEPRECATED] check_access(): Implicitly marking parameter $redirect_to as nullable is deprecated, the explicit nullable type must be used instead in APPPATH\Helpers\permission_helper.php on line 506.
 1 SYSTEMPATH\Common.php(641): include_once('D:\\Proyek-KP\\laragon\\www\\sib-k-main\\system\\Debug\\Exceptions.php')
 2 SYSTEMPATH\Controller.php(94): helper([...])
 3 APPPATH\Controllers\BaseController.php(52): CodeIgniter\Controller->initController(Object(CodeIgniter\HTTP\IncomingRequest), Object(CodeIgniter\HTTP\Response), Object(CodeIgniter\Log\Logger))
 4 SYSTEMPATH\CodeIgniter.php(904): App\Controllers\BaseController->initController(Object(CodeIgniter\HTTP\IncomingRequest), Object(CodeIgniter\HTTP\Response), Object(CodeIgniter\Log\Logger))
 5 SYSTEMPATH\CodeIgniter.php(498): CodeIgniter\CodeIgniter->createController()
 6 SYSTEMPATH\CodeIgniter.php(354): CodeIgniter\CodeIgniter->handleRequest(null, Object(Config\Cache), false)
 7 SYSTEMPATH\Boot.php(363): CodeIgniter\CodeIgniter->run()
 8 SYSTEMPATH\Boot.php(68): CodeIgniter\Boot::runCodeIgniter(Object(CodeIgniter\CodeIgniter))
 9 FCPATH\index.php(59): CodeIgniter\Boot::bootWeb(Object(Config\Paths))
WARNING - 2025-10-14 04:43:26 --> [DEPRECATED] date_diff_in_days(): Implicitly marking parameter $date2 as nullable is deprecated, the explicit nullable type must be used instead in APPPATH\Helpers\date_helper.php on line 363.
 1 SYSTEMPATH\Common.php(641): include_once('D:\\Proyek-KP\\laragon\\www\\sib-k-main\\system\\Debug\\Exceptions.php')
 2 SYSTEMPATH\Autoloader\Autoloader.php(488): helper([...])
 3 SYSTEMPATH\Boot.php(287): CodeIgniter\Autoloader\Autoloader->loadHelpers()
 4 SYSTEMPATH\Boot.php(65): CodeIgniter\Boot::autoloadHelpers()
 5 FCPATH\index.php(59): CodeIgniter\Boot::bootWeb(Object(Config\Paths))
WARNING - 2025-10-14 04:43:26 --> [DEPRECATED] date_diff_in_days(): Implicitly marking parameter $date2 as nullable is deprecated, the explicit nullable type must be used instead in APPPATH\Helpers\date_helper.php on line 363.
 1 SYSTEMPATH\Common.php(641): include_once('D:\\Proyek-KP\\laragon\\www\\sib-k-main\\system\\Debug\\Exceptions.php')
 2 SYSTEMPATH\Autoloader\Autoloader.php(488): helper([...])
 3 SYSTEMPATH\Boot.php(287): CodeIgniter\Autoloader\Autoloader->loadHelpers()
 4 SYSTEMPATH\Boot.php(65): CodeIgniter\Boot::autoloadHelpers()
 5 FCPATH\index.php(59): CodeIgniter\Boot::bootWeb(Object(Config\Paths))
WARNING - 2025-10-14 06:26:15 --> [DEPRECATED] date_diff_in_days(): Implicitly marking parameter $date2 as nullable is deprecated, the explicit nullable type must be used instead in APPPATH\Helpers\date_helper.php on line 363.
 1 SYSTEMPATH\Common.php(641): include_once('D:\\Proyek-KP\\laragon\\www\\sib-k-main\\system\\Debug\\Exceptions.php')
 2 SYSTEMPATH\Autoloader\Autoloader.php(488): helper([...])
 3 SYSTEMPATH\Boot.php(287): CodeIgniter\Autoloader\Autoloader->loadHelpers()
 4 SYSTEMPATH\Boot.php(128): CodeIgniter\Boot::autoloadHelpers()
 5 ROOTPATH\spark(87): CodeIgniter\Boot::bootSpark(Object(Config\Paths))
WARNING - 2025-10-14 06:28:38 --> [DEPRECATED] date_diff_in_days(): Implicitly marking parameter $date2 as nullable is deprecated, the explicit nullable type must be used instead in APPPATH\Helpers\date_helper.php on line 363.
 1 SYSTEMPATH\Common.php(641): include_once('D:\\Proyek-KP\\laragon\\www\\sib-k-main\\system\\Debug\\Exceptions.php')
 2 SYSTEMPATH\Autoloader\Autoloader.php(488): helper([...])
 3 SYSTEMPATH\Boot.php(287): CodeIgniter\Autoloader\Autoloader->loadHelpers()
 4 SYSTEMPATH\Boot.php(65): CodeIgniter\Boot::autoloadHelpers()
 5 FCPATH\index.php(59): CodeIgniter\Boot::bootWeb(Object(Config\Paths))
DEBUG - 2025-10-14 13:28:38 --> Session: Class initialized using 'CodeIgniter\Session\Handlers\FileHandler' driver.
WARNING - 2025-10-14 13:28:38 --> [DEPRECATED] api_response(): Implicitly marking parameter $redirect_url as nullable is deprecated, the explicit nullable type must be used instead in APPPATH\Helpers\response_helper.php on line 323.
 1 SYSTEMPATH\Common.php(641): include_once('D:\\Proyek-KP\\laragon\\www\\sib-k-main\\system\\Debug\\Exceptions.php')
 2 SYSTEMPATH\Controller.php(94): helper([...])
 3 APPPATH\Controllers\BaseController.php(52): CodeIgniter\Controller->initController(Object(CodeIgniter\HTTP\IncomingRequest), Object(CodeIgniter\HTTP\Response), Object(CodeIgniter\Log\Logger))
 4 SYSTEMPATH\CodeIgniter.php(904): App\Controllers\BaseController->initController(Object(CodeIgniter\HTTP\IncomingRequest), Object(CodeIgniter\HTTP\Response), Object(CodeIgniter\Log\Logger))
 5 SYSTEMPATH\CodeIgniter.php(498): CodeIgniter\CodeIgniter->createController()
 6 SYSTEMPATH\CodeIgniter.php(354): CodeIgniter\CodeIgniter->handleRequest(null, Object(Config\Cache), false)
 7 SYSTEMPATH\Boot.php(363): CodeIgniter\CodeIgniter->run()
 8 SYSTEMPATH\Boot.php(68): CodeIgniter\Boot::runCodeIgniter(Object(CodeIgniter\CodeIgniter))
 9 FCPATH\index.php(59): CodeIgniter\Boot::bootWeb(Object(Config\Paths))
WARNING - 2025-10-14 13:28:38 --> [DEPRECATED] download_file(): Implicitly marking parameter $filename as nullable is deprecated, the explicit nullable type must be used instead in APPPATH\Helpers\response_helper.php on line 379.
 1 SYSTEMPATH\Common.php(641): include_once('D:\\Proyek-KP\\laragon\\www\\sib-k-main\\system\\Debug\\Exceptions.php')
 2 SYSTEMPATH\Controller.php(94): helper([...])
 3 APPPATH\Controllers\BaseController.php(52): CodeIgniter\Controller->initController(Object(CodeIgniter\HTTP\IncomingRequest), Object(CodeIgniter\HTTP\Response), Object(CodeIgniter\Log\Logger))
 4 SYSTEMPATH\CodeIgniter.php(904): App\Controllers\BaseController->initController(Object(CodeIgniter\HTTP\IncomingRequest), Object(CodeIgniter\HTTP\Response), Object(CodeIgniter\Log\Logger))
 5 SYSTEMPATH\CodeIgniter.php(498): CodeIgniter\CodeIgniter->createController()
 6 SYSTEMPATH\CodeIgniter.php(354): CodeIgniter\CodeIgniter->handleRequest(null, Object(Config\Cache), false)
 7 SYSTEMPATH\Boot.php(363): CodeIgniter\CodeIgniter->run()
 8 SYSTEMPATH\Boot.php(68): CodeIgniter\Boot::runCodeIgniter(Object(CodeIgniter\CodeIgniter))
 9 FCPATH\index.php(59): CodeIgniter\Boot::bootWeb(Object(Config\Paths))
WARNING - 2025-10-14 13:28:38 --> [DEPRECATED] check_access(): Implicitly marking parameter $redirect_to as nullable is deprecated, the explicit nullable type must be used instead in APPPATH\Helpers\permission_helper.php on line 506.
 1 SYSTEMPATH\Common.php(641): include_once('D:\\Proyek-KP\\laragon\\www\\sib-k-main\\system\\Debug\\Exceptions.php')
 2 SYSTEMPATH\Controller.php(94): helper([...])
 3 APPPATH\Controllers\BaseController.php(52): CodeIgniter\Controller->initController(Object(CodeIgniter\HTTP\IncomingRequest), Object(CodeIgniter\HTTP\Response), Object(CodeIgniter\Log\Logger))
 4 SYSTEMPATH\CodeIgniter.php(904): App\Controllers\BaseController->initController(Object(CodeIgniter\HTTP\IncomingRequest), Object(CodeIgniter\HTTP\Response), Object(CodeIgniter\Log\Logger))
 5 SYSTEMPATH\CodeIgniter.php(498): CodeIgniter\CodeIgniter->createController()
 6 SYSTEMPATH\CodeIgniter.php(354): CodeIgniter\CodeIgniter->handleRequest(null, Object(Config\Cache), false)
 7 SYSTEMPATH\Boot.php(363): CodeIgniter\CodeIgniter->run()
 8 SYSTEMPATH\Boot.php(68): CodeIgniter\Boot::runCodeIgniter(Object(CodeIgniter\CodeIgniter))
 9 FCPATH\index.php(59): CodeIgniter\Boot::bootWeb(Object(Config\Paths))
WARNING - 2025-10-14 06:28:38 --> [DEPRECATED] date_diff_in_days(): Implicitly marking parameter $date2 as nullable is deprecated, the explicit nullable type must be used instead in APPPATH\Helpers\date_helper.php on line 363.
 1 SYSTEMPATH\Common.php(641): include_once('D:\\Proyek-KP\\laragon\\www\\sib-k-main\\system\\Debug\\Exceptions.php')
 2 SYSTEMPATH\Autoloader\Autoloader.php(488): helper([...])
 3 SYSTEMPATH\Boot.php(287): CodeIgniter\Autoloader\Autoloader->loadHelpers()
 4 SYSTEMPATH\Boot.php(65): CodeIgniter\Boot::autoloadHelpers()
 5 FCPATH\index.php(59): CodeIgniter\Boot::bootWeb(Object(Config\Paths))
WARNING - 2025-10-14 06:28:38 --> [DEPRECATED] date_diff_in_days(): Implicitly marking parameter $date2 as nullable is deprecated, the explicit nullable type must be used instead in APPPATH\Helpers\date_helper.php on line 363.
 1 SYSTEMPATH\Common.php(641): include_once('D:\\Proyek-KP\\laragon\\www\\sib-k-main\\system\\Debug\\Exceptions.php')
 2 SYSTEMPATH\Autoloader\Autoloader.php(488): helper([...])
 3 SYSTEMPATH\Boot.php(287): CodeIgniter\Autoloader\Autoloader->loadHelpers()
 4 SYSTEMPATH\Boot.php(65): CodeIgniter\Boot::autoloadHelpers()
 5 FCPATH\index.php(59): CodeIgniter\Boot::bootWeb(Object(Config\Paths))
WARNING - 2025-10-14 06:28:44 --> [DEPRECATED] date_diff_in_days(): Implicitly marking parameter $date2 as nullable is deprecated, the explicit nullable type must be used instead in APPPATH\Helpers\date_helper.php on line 363.
 1 SYSTEMPATH\Common.php(641): include_once('D:\\Proyek-KP\\laragon\\www\\sib-k-main\\system\\Debug\\Exceptions.php')
 2 SYSTEMPATH\Autoloader\Autoloader.php(488): helper([...])
 3 SYSTEMPATH\Boot.php(287): CodeIgniter\Autoloader\Autoloader->loadHelpers()
 4 SYSTEMPATH\Boot.php(65): CodeIgniter\Boot::autoloadHelpers()
 5 FCPATH\index.php(59): CodeIgniter\Boot::bootWeb(Object(Config\Paths))
DEBUG - 2025-10-14 13:28:44 --> Session: Class initialized using 'CodeIgniter\Session\Handlers\FileHandler' driver.
WARNING - 2025-10-14 13:28:44 --> [DEPRECATED] api_response(): Implicitly marking parameter $redirect_url as nullable is deprecated, the explicit nullable type must be used instead in APPPATH\Helpers\response_helper.php on line 323.
 1 SYSTEMPATH\Common.php(641): include_once('D:\\Proyek-KP\\laragon\\www\\sib-k-main\\system\\Debug\\Exceptions.php')
 2 SYSTEMPATH\Controller.php(94): helper([...])
 3 APPPATH\Controllers\BaseController.php(52): CodeIgniter\Controller->initController(Object(CodeIgniter\HTTP\IncomingRequest), Object(CodeIgniter\HTTP\Response), Object(CodeIgniter\Log\Logger))
 4 SYSTEMPATH\CodeIgniter.php(904): App\Controllers\BaseController->initController(Object(CodeIgniter\HTTP\IncomingRequest), Object(CodeIgniter\HTTP\Response), Object(CodeIgniter\Log\Logger))
 5 SYSTEMPATH\CodeIgniter.php(498): CodeIgniter\CodeIgniter->createController()
 6 SYSTEMPATH\CodeIgniter.php(354): CodeIgniter\CodeIgniter->handleRequest(null, Object(Config\Cache), false)
 7 SYSTEMPATH\Boot.php(363): CodeIgniter\CodeIgniter->run()
 8 SYSTEMPATH\Boot.php(68): CodeIgniter\Boot::runCodeIgniter(Object(CodeIgniter\CodeIgniter))
 9 FCPATH\index.php(59): CodeIgniter\Boot::bootWeb(Object(Config\Paths))
WARNING - 2025-10-14 13:28:44 --> [DEPRECATED] download_file(): Implicitly marking parameter $filename as nullable is deprecated, the explicit nullable type must be used instead in APPPATH\Helpers\response_helper.php on line 379.
 1 SYSTEMPATH\Common.php(641): include_once('D:\\Proyek-KP\\laragon\\www\\sib-k-main\\system\\Debug\\Exceptions.php')
 2 SYSTEMPATH\Controller.php(94): helper([...])
 3 APPPATH\Controllers\BaseController.php(52): CodeIgniter\Controller->initController(Object(CodeIgniter\HTTP\IncomingRequest), Object(CodeIgniter\HTTP\Response), Object(CodeIgniter\Log\Logger))
 4 SYSTEMPATH\CodeIgniter.php(904): App\Controllers\BaseController->initController(Object(CodeIgniter\HTTP\IncomingRequest), Object(CodeIgniter\HTTP\Response), Object(CodeIgniter\Log\Logger))
 5 SYSTEMPATH\CodeIgniter.php(498): CodeIgniter\CodeIgniter->createController()
 6 SYSTEMPATH\CodeIgniter.php(354): CodeIgniter\CodeIgniter->handleRequest(null, Object(Config\Cache), false)
 7 SYSTEMPATH\Boot.php(363): CodeIgniter\CodeIgniter->run()
 8 SYSTEMPATH\Boot.php(68): CodeIgniter\Boot::runCodeIgniter(Object(CodeIgniter\CodeIgniter))
 9 FCPATH\index.php(59): CodeIgniter\Boot::bootWeb(Object(Config\Paths))
WARNING - 2025-10-14 13:28:44 --> [DEPRECATED] check_access(): Implicitly marking parameter $redirect_to as nullable is deprecated, the explicit nullable type must be used instead in APPPATH\Helpers\permission_helper.php on line 506.
 1 SYSTEMPATH\Common.php(641): include_once('D:\\Proyek-KP\\laragon\\www\\sib-k-main\\system\\Debug\\Exceptions.php')
 2 SYSTEMPATH\Controller.php(94): helper([...])
 3 APPPATH\Controllers\BaseController.php(52): CodeIgniter\Controller->initController(Object(CodeIgniter\HTTP\IncomingRequest), Object(CodeIgniter\HTTP\Response), Object(CodeIgniter\Log\Logger))
 4 SYSTEMPATH\CodeIgniter.php(904): App\Controllers\BaseController->initController(Object(CodeIgniter\HTTP\IncomingRequest), Object(CodeIgniter\HTTP\Response), Object(CodeIgniter\Log\Logger))
 5 SYSTEMPATH\CodeIgniter.php(498): CodeIgniter\CodeIgniter->createController()
 6 SYSTEMPATH\CodeIgniter.php(354): CodeIgniter\CodeIgniter->handleRequest(null, Object(Config\Cache), false)
 7 SYSTEMPATH\Boot.php(363): CodeIgniter\CodeIgniter->run()
 8 SYSTEMPATH\Boot.php(68): CodeIgniter\Boot::runCodeIgniter(Object(CodeIgniter\CodeIgniter))
 9 FCPATH\index.php(59): CodeIgniter\Boot::bootWeb(Object(Config\Paths))
WARNING - 2025-10-14 06:28:44 --> [DEPRECATED] date_diff_in_days(): Implicitly marking parameter $date2 as nullable is deprecated, the explicit nullable type must be used instead in APPPATH\Helpers\date_helper.php on line 363.
 1 SYSTEMPATH\Common.php(641): include_once('D:\\Proyek-KP\\laragon\\www\\sib-k-main\\system\\Debug\\Exceptions.php')
 2 SYSTEMPATH\Autoloader\Autoloader.php(488): helper([...])
 3 SYSTEMPATH\Boot.php(287): CodeIgniter\Autoloader\Autoloader->loadHelpers()
 4 SYSTEMPATH\Boot.php(65): CodeIgniter\Boot::autoloadHelpers()
 5 FCPATH\index.php(59): CodeIgniter\Boot::bootWeb(Object(Config\Paths))
WARNING - 2025-10-14 06:28:44 --> [DEPRECATED] date_diff_in_days(): Implicitly marking parameter $date2 as nullable is deprecated, the explicit nullable type must be used instead in APPPATH\Helpers\date_helper.php on line 363.
 1 SYSTEMPATH\Common.php(641): include_once('D:\\Proyek-KP\\laragon\\www\\sib-k-main\\system\\Debug\\Exceptions.php')
 2 SYSTEMPATH\Autoloader\Autoloader.php(488): helper([...])
 3 SYSTEMPATH\Boot.php(287): CodeIgniter\Autoloader\Autoloader->loadHelpers()
 4 SYSTEMPATH\Boot.php(65): CodeIgniter\Boot::autoloadHelpers()
 5 FCPATH\index.php(59): CodeIgniter\Boot::bootWeb(Object(Config\Paths))
WARNING - 2025-10-14 06:28:44 --> [DEPRECATED] date_diff_in_days(): Implicitly marking parameter $date2 as nullable is deprecated, the explicit nullable type must be used instead in APPPATH\Helpers\date_helper.php on line 363.
 1 SYSTEMPATH\Common.php(641): include_once('D:\\Proyek-KP\\laragon\\www\\sib-k-main\\system\\Debug\\Exceptions.php')
 2 SYSTEMPATH\Autoloader\Autoloader.php(488): helper([...])
 3 SYSTEMPATH\Boot.php(287): CodeIgniter\Autoloader\Autoloader->loadHelpers()
 4 SYSTEMPATH\Boot.php(65): CodeIgniter\Boot::autoloadHelpers()
 5 FCPATH\index.php(59): CodeIgniter\Boot::bootWeb(Object(Config\Paths))
WARNING - 2025-10-14 06:28:50 --> [DEPRECATED] date_diff_in_days(): Implicitly marking parameter $date2 as nullable is deprecated, the explicit nullable type must be used instead in APPPATH\Helpers\date_helper.php on line 363.
 1 SYSTEMPATH\Common.php(641): include_once('D:\\Proyek-KP\\laragon\\www\\sib-k-main\\system\\Debug\\Exceptions.php')
 2 SYSTEMPATH\Autoloader\Autoloader.php(488): helper([...])
 3 SYSTEMPATH\Boot.php(287): CodeIgniter\Autoloader\Autoloader->loadHelpers()
 4 SYSTEMPATH\Boot.php(65): CodeIgniter\Boot::autoloadHelpers()
 5 FCPATH\index.php(59): CodeIgniter\Boot::bootWeb(Object(Config\Paths))
DEBUG - 2025-10-14 13:28:50 --> Session: Class initialized using 'CodeIgniter\Session\Handlers\FileHandler' driver.
INFO - 2025-10-14 13:28:50 --> CSRF token verified.
WARNING - 2025-10-14 13:28:50 --> [DEPRECATED] api_response(): Implicitly marking parameter $redirect_url as nullable is deprecated, the explicit nullable type must be used instead in APPPATH\Helpers\response_helper.php on line 323.
 1 SYSTEMPATH\Common.php(641): include_once('D:\\Proyek-KP\\laragon\\www\\sib-k-main\\system\\Debug\\Exceptions.php')
 2 SYSTEMPATH\Controller.php(94): helper([...])
 3 APPPATH\Controllers\BaseController.php(52): CodeIgniter\Controller->initController(Object(CodeIgniter\HTTP\IncomingRequest), Object(CodeIgniter\HTTP\Response), Object(CodeIgniter\Log\Logger))
 4 SYSTEMPATH\CodeIgniter.php(904): App\Controllers\BaseController->initController(Object(CodeIgniter\HTTP\IncomingRequest), Object(CodeIgniter\HTTP\Response), Object(CodeIgniter\Log\Logger))
 5 SYSTEMPATH\CodeIgniter.php(498): CodeIgniter\CodeIgniter->createController()
 6 SYSTEMPATH\CodeIgniter.php(354): CodeIgniter\CodeIgniter->handleRequest(null, Object(Config\Cache), false)
 7 SYSTEMPATH\Boot.php(363): CodeIgniter\CodeIgniter->run()
 8 SYSTEMPATH\Boot.php(68): CodeIgniter\Boot::runCodeIgniter(Object(CodeIgniter\CodeIgniter))
 9 FCPATH\index.php(59): CodeIgniter\Boot::bootWeb(Object(Config\Paths))
WARNING - 2025-10-14 13:28:50 --> [DEPRECATED] download_file(): Implicitly marking parameter $filename as nullable is deprecated, the explicit nullable type must be used instead in APPPATH\Helpers\response_helper.php on line 379.
 1 SYSTEMPATH\Common.php(641): include_once('D:\\Proyek-KP\\laragon\\www\\sib-k-main\\system\\Debug\\Exceptions.php')
 2 SYSTEMPATH\Controller.php(94): helper([...])
 3 APPPATH\Controllers\BaseController.php(52): CodeIgniter\Controller->initController(Object(CodeIgniter\HTTP\IncomingRequest), Object(CodeIgniter\HTTP\Response), Object(CodeIgniter\Log\Logger))
 4 SYSTEMPATH\CodeIgniter.php(904): App\Controllers\BaseController->initController(Object(CodeIgniter\HTTP\IncomingRequest), Object(CodeIgniter\HTTP\Response), Object(CodeIgniter\Log\Logger))
 5 SYSTEMPATH\CodeIgniter.php(498): CodeIgniter\CodeIgniter->createController()
 6 SYSTEMPATH\CodeIgniter.php(354): CodeIgniter\CodeIgniter->handleRequest(null, Object(Config\Cache), false)
 7 SYSTEMPATH\Boot.php(363): CodeIgniter\CodeIgniter->run()
 8 SYSTEMPATH\Boot.php(68): CodeIgniter\Boot::runCodeIgniter(Object(CodeIgniter\CodeIgniter))
 9 FCPATH\index.php(59): CodeIgniter\Boot::bootWeb(Object(Config\Paths))
WARNING - 2025-10-14 13:28:50 --> [DEPRECATED] check_access(): Implicitly marking parameter $redirect_to as nullable is deprecated, the explicit nullable type must be used instead in APPPATH\Helpers\permission_helper.php on line 506.
 1 SYSTEMPATH\Common.php(641): include_once('D:\\Proyek-KP\\laragon\\www\\sib-k-main\\system\\Debug\\Exceptions.php')
 2 SYSTEMPATH\Controller.php(94): helper([...])
 3 APPPATH\Controllers\BaseController.php(52): CodeIgniter\Controller->initController(Object(CodeIgniter\HTTP\IncomingRequest), Object(CodeIgniter\HTTP\Response), Object(CodeIgniter\Log\Logger))
 4 SYSTEMPATH\CodeIgniter.php(904): App\Controllers\BaseController->initController(Object(CodeIgniter\HTTP\IncomingRequest), Object(CodeIgniter\HTTP\Response), Object(CodeIgniter\Log\Logger))
 5 SYSTEMPATH\CodeIgniter.php(498): CodeIgniter\CodeIgniter->createController()
 6 SYSTEMPATH\CodeIgniter.php(354): CodeIgniter\CodeIgniter->handleRequest(null, Object(Config\Cache), false)
 7 SYSTEMPATH\Boot.php(363): CodeIgniter\CodeIgniter->run()
 8 SYSTEMPATH\Boot.php(68): CodeIgniter\Boot::runCodeIgniter(Object(CodeIgniter\CodeIgniter))
 9 FCPATH\index.php(59): CodeIgniter\Boot::bootWeb(Object(Config\Paths))
WARNING - 2025-10-14 06:28:50 --> [DEPRECATED] date_diff_in_days(): Implicitly marking parameter $date2 as nullable is deprecated, the explicit nullable type must be used instead in APPPATH\Helpers\date_helper.php on line 363.
 1 SYSTEMPATH\Common.php(641): include_once('D:\\Proyek-KP\\laragon\\www\\sib-k-main\\system\\Debug\\Exceptions.php')
 2 SYSTEMPATH\Autoloader\Autoloader.php(488): helper([...])
 3 SYSTEMPATH\Boot.php(287): CodeIgniter\Autoloader\Autoloader->loadHelpers()
 4 SYSTEMPATH\Boot.php(65): CodeIgniter\Boot::autoloadHelpers()
 5 FCPATH\index.php(59): CodeIgniter\Boot::bootWeb(Object(Config\Paths))
DEBUG - 2025-10-14 13:28:50 --> Session: Class initialized using 'CodeIgniter\Session\Handlers\FileHandler' driver.
WARNING - 2025-10-14 13:28:50 --> [DEPRECATED] api_response(): Implicitly marking parameter $redirect_url as nullable is deprecated, the explicit nullable type must be used instead in APPPATH\Helpers\response_helper.php on line 323.
 1 SYSTEMPATH\Common.php(641): include_once('D:\\Proyek-KP\\laragon\\www\\sib-k-main\\system\\Debug\\Exceptions.php')
 2 SYSTEMPATH\Controller.php(94): helper([...])
 3 APPPATH\Controllers\BaseController.php(52): CodeIgniter\Controller->initController(Object(CodeIgniter\HTTP\IncomingRequest), Object(CodeIgniter\HTTP\Response), Object(CodeIgniter\Log\Logger))
 4 SYSTEMPATH\CodeIgniter.php(904): App\Controllers\BaseController->initController(Object(CodeIgniter\HTTP\IncomingRequest), Object(CodeIgniter\HTTP\Response), Object(CodeIgniter\Log\Logger))
 5 SYSTEMPATH\CodeIgniter.php(498): CodeIgniter\CodeIgniter->createController()
 6 SYSTEMPATH\CodeIgniter.php(354): CodeIgniter\CodeIgniter->handleRequest(null, Object(Config\Cache), false)
 7 SYSTEMPATH\Boot.php(363): CodeIgniter\CodeIgniter->run()
 8 SYSTEMPATH\Boot.php(68): CodeIgniter\Boot::runCodeIgniter(Object(CodeIgniter\CodeIgniter))
 9 FCPATH\index.php(59): CodeIgniter\Boot::bootWeb(Object(Config\Paths))
WARNING - 2025-10-14 13:28:50 --> [DEPRECATED] download_file(): Implicitly marking parameter $filename as nullable is deprecated, the explicit nullable type must be used instead in APPPATH\Helpers\response_helper.php on line 379.
 1 SYSTEMPATH\Common.php(641): include_once('D:\\Proyek-KP\\laragon\\www\\sib-k-main\\system\\Debug\\Exceptions.php')
 2 SYSTEMPATH\Controller.php(94): helper([...])
 3 APPPATH\Controllers\BaseController.php(52): CodeIgniter\Controller->initController(Object(CodeIgniter\HTTP\IncomingRequest), Object(CodeIgniter\HTTP\Response), Object(CodeIgniter\Log\Logger))
 4 SYSTEMPATH\CodeIgniter.php(904): App\Controllers\BaseController->initController(Object(CodeIgniter\HTTP\IncomingRequest), Object(CodeIgniter\HTTP\Response), Object(CodeIgniter\Log\Logger))
 5 SYSTEMPATH\CodeIgniter.php(498): CodeIgniter\CodeIgniter->createController()
 6 SYSTEMPATH\CodeIgniter.php(354): CodeIgniter\CodeIgniter->handleRequest(null, Object(Config\Cache), false)
 7 SYSTEMPATH\Boot.php(363): CodeIgniter\CodeIgniter->run()
 8 SYSTEMPATH\Boot.php(68): CodeIgniter\Boot::runCodeIgniter(Object(CodeIgniter\CodeIgniter))
 9 FCPATH\index.php(59): CodeIgniter\Boot::bootWeb(Object(Config\Paths))
WARNING - 2025-10-14 13:28:50 --> [DEPRECATED] check_access(): Implicitly marking parameter $redirect_to as nullable is deprecated, the explicit nullable type must be used instead in APPPATH\Helpers\permission_helper.php on line 506.
 1 SYSTEMPATH\Common.php(641): include_once('D:\\Proyek-KP\\laragon\\www\\sib-k-main\\system\\Debug\\Exceptions.php')
 2 SYSTEMPATH\Controller.php(94): helper([...])
 3 APPPATH\Controllers\BaseController.php(52): CodeIgniter\Controller->initController(Object(CodeIgniter\HTTP\IncomingRequest), Object(CodeIgniter\HTTP\Response), Object(CodeIgniter\Log\Logger))
 4 SYSTEMPATH\CodeIgniter.php(904): App\Controllers\BaseController->initController(Object(CodeIgniter\HTTP\IncomingRequest), Object(CodeIgniter\HTTP\Response), Object(CodeIgniter\Log\Logger))
 5 SYSTEMPATH\CodeIgniter.php(498): CodeIgniter\CodeIgniter->createController()
 6 SYSTEMPATH\CodeIgniter.php(354): CodeIgniter\CodeIgniter->handleRequest(null, Object(Config\Cache), false)
 7 SYSTEMPATH\Boot.php(363): CodeIgniter\CodeIgniter->run()
 8 SYSTEMPATH\Boot.php(68): CodeIgniter\Boot::runCodeIgniter(Object(CodeIgniter\CodeIgniter))
 9 FCPATH\index.php(59): CodeIgniter\Boot::bootWeb(Object(Config\Paths))
WARNING - 2025-10-14 06:28:50 --> [DEPRECATED] date_diff_in_days(): Implicitly marking parameter $date2 as nullable is deprecated, the explicit nullable type must be used instead in APPPATH\Helpers\date_helper.php on line 363.
 1 SYSTEMPATH\Common.php(641): include_once('D:\\Proyek-KP\\laragon\\www\\sib-k-main\\system\\Debug\\Exceptions.php')
 2 SYSTEMPATH\Autoloader\Autoloader.php(488): helper([...])
 3 SYSTEMPATH\Boot.php(287): CodeIgniter\Autoloader\Autoloader->loadHelpers()
 4 SYSTEMPATH\Boot.php(65): CodeIgniter\Boot::autoloadHelpers()
 5 FCPATH\index.php(59): CodeIgniter\Boot::bootWeb(Object(Config\Paths))
WARNING - 2025-10-14 06:28:50 --> [DEPRECATED] date_diff_in_days(): Implicitly marking parameter $date2 as nullable is deprecated, the explicit nullable type must be used instead in APPPATH\Helpers\date_helper.php on line 363.
 1 SYSTEMPATH\Common.php(641): include_once('D:\\Proyek-KP\\laragon\\www\\sib-k-main\\system\\Debug\\Exceptions.php')
 2 SYSTEMPATH\Autoloader\Autoloader.php(488): helper([...])
 3 SYSTEMPATH\Boot.php(287): CodeIgniter\Autoloader\Autoloader->loadHelpers()
 4 SYSTEMPATH\Boot.php(65): CodeIgniter\Boot::autoloadHelpers()
 5 FCPATH\index.php(59): CodeIgniter\Boot::bootWeb(Object(Config\Paths))
WARNING - 2025-10-14 06:28:51 --> [DEPRECATED] date_diff_in_days(): Implicitly marking parameter $date2 as nullable is deprecated, the explicit nullable type must be used instead in APPPATH\Helpers\date_helper.php on line 363.
 1 SYSTEMPATH\Common.php(641): include_once('D:\\Proyek-KP\\laragon\\www\\sib-k-main\\system\\Debug\\Exceptions.php')
 2 SYSTEMPATH\Autoloader\Autoloader.php(488): helper([...])
 3 SYSTEMPATH\Boot.php(287): CodeIgniter\Autoloader\Autoloader->loadHelpers()
 4 SYSTEMPATH\Boot.php(65): CodeIgniter\Boot::autoloadHelpers()
 5 FCPATH\index.php(59): CodeIgniter\Boot::bootWeb(Object(Config\Paths))
WARNING - 2025-10-14 06:28:55 --> [DEPRECATED] date_diff_in_days(): Implicitly marking parameter $date2 as nullable is deprecated, the explicit nullable type must be used instead in APPPATH\Helpers\date_helper.php on line 363.
 1 SYSTEMPATH\Common.php(641): include_once('D:\\Proyek-KP\\laragon\\www\\sib-k-main\\system\\Debug\\Exceptions.php')
 2 SYSTEMPATH\Autoloader\Autoloader.php(488): helper([...])
 3 SYSTEMPATH\Boot.php(287): CodeIgniter\Autoloader\Autoloader->loadHelpers()
 4 SYSTEMPATH\Boot.php(65): CodeIgniter\Boot::autoloadHelpers()
 5 FCPATH\index.php(59): CodeIgniter\Boot::bootWeb(Object(Config\Paths))
DEBUG - 2025-10-14 13:28:56 --> Session: Class initialized using 'CodeIgniter\Session\Handlers\FileHandler' driver.
WARNING - 2025-10-14 13:28:56 --> [DEPRECATED] api_response(): Implicitly marking parameter $redirect_url as nullable is deprecated, the explicit nullable type must be used instead in APPPATH\Helpers\response_helper.php on line 323.
 1 SYSTEMPATH\Common.php(641): include_once('D:\\Proyek-KP\\laragon\\www\\sib-k-main\\system\\Debug\\Exceptions.php')
 2 SYSTEMPATH\Controller.php(94): helper([...])
 3 APPPATH\Controllers\BaseController.php(52): CodeIgniter\Controller->initController(Object(CodeIgniter\HTTP\IncomingRequest), Object(CodeIgniter\HTTP\Response), Object(CodeIgniter\Log\Logger))
 4 SYSTEMPATH\CodeIgniter.php(904): App\Controllers\BaseController->initController(Object(CodeIgniter\HTTP\IncomingRequest), Object(CodeIgniter\HTTP\Response), Object(CodeIgniter\Log\Logger))
 5 SYSTEMPATH\CodeIgniter.php(498): CodeIgniter\CodeIgniter->createController()
 6 SYSTEMPATH\CodeIgniter.php(354): CodeIgniter\CodeIgniter->handleRequest(null, Object(Config\Cache), false)
 7 SYSTEMPATH\Boot.php(363): CodeIgniter\CodeIgniter->run()
 8 SYSTEMPATH\Boot.php(68): CodeIgniter\Boot::runCodeIgniter(Object(CodeIgniter\CodeIgniter))
 9 FCPATH\index.php(59): CodeIgniter\Boot::bootWeb(Object(Config\Paths))
WARNING - 2025-10-14 13:28:56 --> [DEPRECATED] download_file(): Implicitly marking parameter $filename as nullable is deprecated, the explicit nullable type must be used instead in APPPATH\Helpers\response_helper.php on line 379.
 1 SYSTEMPATH\Common.php(641): include_once('D:\\Proyek-KP\\laragon\\www\\sib-k-main\\system\\Debug\\Exceptions.php')
 2 SYSTEMPATH\Controller.php(94): helper([...])
 3 APPPATH\Controllers\BaseController.php(52): CodeIgniter\Controller->initController(Object(CodeIgniter\HTTP\IncomingRequest), Object(CodeIgniter\HTTP\Response), Object(CodeIgniter\Log\Logger))
 4 SYSTEMPATH\CodeIgniter.php(904): App\Controllers\BaseController->initController(Object(CodeIgniter\HTTP\IncomingRequest), Object(CodeIgniter\HTTP\Response), Object(CodeIgniter\Log\Logger))
 5 SYSTEMPATH\CodeIgniter.php(498): CodeIgniter\CodeIgniter->createController()
 6 SYSTEMPATH\CodeIgniter.php(354): CodeIgniter\CodeIgniter->handleRequest(null, Object(Config\Cache), false)
 7 SYSTEMPATH\Boot.php(363): CodeIgniter\CodeIgniter->run()
 8 SYSTEMPATH\Boot.php(68): CodeIgniter\Boot::runCodeIgniter(Object(CodeIgniter\CodeIgniter))
 9 FCPATH\index.php(59): CodeIgniter\Boot::bootWeb(Object(Config\Paths))
WARNING - 2025-10-14 13:28:56 --> [DEPRECATED] check_access(): Implicitly marking parameter $redirect_to as nullable is deprecated, the explicit nullable type must be used instead in APPPATH\Helpers\permission_helper.php on line 506.
 1 SYSTEMPATH\Common.php(641): include_once('D:\\Proyek-KP\\laragon\\www\\sib-k-main\\system\\Debug\\Exceptions.php')
 2 SYSTEMPATH\Controller.php(94): helper([...])
 3 APPPATH\Controllers\BaseController.php(52): CodeIgniter\Controller->initController(Object(CodeIgniter\HTTP\IncomingRequest), Object(CodeIgniter\HTTP\Response), Object(CodeIgniter\Log\Logger))
 4 SYSTEMPATH\CodeIgniter.php(904): App\Controllers\BaseController->initController(Object(CodeIgniter\HTTP\IncomingRequest), Object(CodeIgniter\HTTP\Response), Object(CodeIgniter\Log\Logger))
 5 SYSTEMPATH\CodeIgniter.php(498): CodeIgniter\CodeIgniter->createController()
 6 SYSTEMPATH\CodeIgniter.php(354): CodeIgniter\CodeIgniter->handleRequest(null, Object(Config\Cache), false)
 7 SYSTEMPATH\Boot.php(363): CodeIgniter\CodeIgniter->run()
 8 SYSTEMPATH\Boot.php(68): CodeIgniter\Boot::runCodeIgniter(Object(CodeIgniter\CodeIgniter))
 9 FCPATH\index.php(59): CodeIgniter\Boot::bootWeb(Object(Config\Paths))
CRITICAL - 2025-10-14 13:28:56 --> CodeIgniter\View\Exceptions\ViewException: Invalid file: "notifications/index.php"
[Method: GET, Route: notifications]
in SYSTEMPATH\Exceptions\FrameworkException.php on line 39.
 1 SYSTEMPATH\View\View.php(214): CodeIgniter\Exceptions\FrameworkException::forInvalidFile('notifications/index.php')
 2 SYSTEMPATH\Common.php(1167): CodeIgniter\View\View->render('notifications/index', [], true)
 3 APPPATH\Controllers\NotificationController.php(22): view('notifications/index', [...])
 4 SYSTEMPATH\CodeIgniter.php(933): App\Controllers\NotificationController->index()
 5 SYSTEMPATH\CodeIgniter.php(507): CodeIgniter\CodeIgniter->runController(Object(App\Controllers\NotificationController))
 6 SYSTEMPATH\CodeIgniter.php(354): CodeIgniter\CodeIgniter->handleRequest(null, Object(Config\Cache), false)
 7 SYSTEMPATH\Boot.php(363): CodeIgniter\CodeIgniter->run()
 8 SYSTEMPATH\Boot.php(68): CodeIgniter\Boot::runCodeIgniter(Object(CodeIgniter\CodeIgniter))
 9 FCPATH\index.php(59): CodeIgniter\Boot::bootWeb(Object(Config\Paths))
WARNING - 2025-10-14 06:29:29 --> [DEPRECATED] date_diff_in_days(): Implicitly marking parameter $date2 as nullable is deprecated, the explicit nullable type must be used instead in APPPATH\Helpers\date_helper.php on line 363.
 1 SYSTEMPATH\Common.php(641): include_once('D:\\Proyek-KP\\laragon\\www\\sib-k-main\\system\\Debug\\Exceptions.php')
 2 SYSTEMPATH\Autoloader\Autoloader.php(488): helper([...])
 3 SYSTEMPATH\Boot.php(287): CodeIgniter\Autoloader\Autoloader->loadHelpers()
 4 SYSTEMPATH\Boot.php(65): CodeIgniter\Boot::autoloadHelpers()
 5 FCPATH\index.php(59): CodeIgniter\Boot::bootWeb(Object(Config\Paths))
DEBUG - 2025-10-14 13:29:29 --> Session: Class initialized using 'CodeIgniter\Session\Handlers\FileHandler' driver.
WARNING - 2025-10-14 13:29:29 --> [DEPRECATED] api_response(): Implicitly marking parameter $redirect_url as nullable is deprecated, the explicit nullable type must be used instead in APPPATH\Helpers\response_helper.php on line 323.
 1 SYSTEMPATH\Common.php(641): include_once('D:\\Proyek-KP\\laragon\\www\\sib-k-main\\system\\Debug\\Exceptions.php')
 2 SYSTEMPATH\Controller.php(94): helper([...])
 3 APPPATH\Controllers\BaseController.php(52): CodeIgniter\Controller->initController(Object(CodeIgniter\HTTP\IncomingRequest), Object(CodeIgniter\HTTP\Response), Object(CodeIgniter\Log\Logger))
 4 SYSTEMPATH\CodeIgniter.php(904): App\Controllers\BaseController->initController(Object(CodeIgniter\HTTP\IncomingRequest), Object(CodeIgniter\HTTP\Response), Object(CodeIgniter\Log\Logger))
 5 SYSTEMPATH\CodeIgniter.php(498): CodeIgniter\CodeIgniter->createController()
 6 SYSTEMPATH\CodeIgniter.php(354): CodeIgniter\CodeIgniter->handleRequest(null, Object(Config\Cache), false)
 7 SYSTEMPATH\Boot.php(363): CodeIgniter\CodeIgniter->run()
 8 SYSTEMPATH\Boot.php(68): CodeIgniter\Boot::runCodeIgniter(Object(CodeIgniter\CodeIgniter))
 9 FCPATH\index.php(59): CodeIgniter\Boot::bootWeb(Object(Config\Paths))
WARNING - 2025-10-14 13:29:29 --> [DEPRECATED] download_file(): Implicitly marking parameter $filename as nullable is deprecated, the explicit nullable type must be used instead in APPPATH\Helpers\response_helper.php on line 379.
 1 SYSTEMPATH\Common.php(641): include_once('D:\\Proyek-KP\\laragon\\www\\sib-k-main\\system\\Debug\\Exceptions.php')
 2 SYSTEMPATH\Controller.php(94): helper([...])
 3 APPPATH\Controllers\BaseController.php(52): CodeIgniter\Controller->initController(Object(CodeIgniter\HTTP\IncomingRequest), Object(CodeIgniter\HTTP\Response), Object(CodeIgniter\Log\Logger))
 4 SYSTEMPATH\CodeIgniter.php(904): App\Controllers\BaseController->initController(Object(CodeIgniter\HTTP\IncomingRequest), Object(CodeIgniter\HTTP\Response), Object(CodeIgniter\Log\Logger))
 5 SYSTEMPATH\CodeIgniter.php(498): CodeIgniter\CodeIgniter->createController()
 6 SYSTEMPATH\CodeIgniter.php(354): CodeIgniter\CodeIgniter->handleRequest(null, Object(Config\Cache), false)
 7 SYSTEMPATH\Boot.php(363): CodeIgniter\CodeIgniter->run()
 8 SYSTEMPATH\Boot.php(68): CodeIgniter\Boot::runCodeIgniter(Object(CodeIgniter\CodeIgniter))
 9 FCPATH\index.php(59): CodeIgniter\Boot::bootWeb(Object(Config\Paths))
WARNING - 2025-10-14 13:29:29 --> [DEPRECATED] check_access(): Implicitly marking parameter $redirect_to as nullable is deprecated, the explicit nullable type must be used instead in APPPATH\Helpers\permission_helper.php on line 506.
 1 SYSTEMPATH\Common.php(641): include_once('D:\\Proyek-KP\\laragon\\www\\sib-k-main\\system\\Debug\\Exceptions.php')
 2 SYSTEMPATH\Controller.php(94): helper([...])
 3 APPPATH\Controllers\BaseController.php(52): CodeIgniter\Controller->initController(Object(CodeIgniter\HTTP\IncomingRequest), Object(CodeIgniter\HTTP\Response), Object(CodeIgniter\Log\Logger))
 4 SYSTEMPATH\CodeIgniter.php(904): App\Controllers\BaseController->initController(Object(CodeIgniter\HTTP\IncomingRequest), Object(CodeIgniter\HTTP\Response), Object(CodeIgniter\Log\Logger))
 5 SYSTEMPATH\CodeIgniter.php(498): CodeIgniter\CodeIgniter->createController()
 6 SYSTEMPATH\CodeIgniter.php(354): CodeIgniter\CodeIgniter->handleRequest(null, Object(Config\Cache), false)
 7 SYSTEMPATH\Boot.php(363): CodeIgniter\CodeIgniter->run()
 8 SYSTEMPATH\Boot.php(68): CodeIgniter\Boot::runCodeIgniter(Object(CodeIgniter\CodeIgniter))
 9 FCPATH\index.php(59): CodeIgniter\Boot::bootWeb(Object(Config\Paths))
CRITICAL - 2025-10-14 13:29:29 --> CodeIgniter\View\Exceptions\ViewException: Invalid file: "notifications/index.php"
[Method: GET, Route: notifications]
in SYSTEMPATH\Exceptions\FrameworkException.php on line 39.
 1 SYSTEMPATH\View\View.php(214): CodeIgniter\Exceptions\FrameworkException::forInvalidFile('notifications/index.php')
 2 SYSTEMPATH\Common.php(1167): CodeIgniter\View\View->render('notifications/index', [], true)
 3 APPPATH\Controllers\NotificationController.php(22): view('notifications/index', [...])
 4 SYSTEMPATH\CodeIgniter.php(933): App\Controllers\NotificationController->index()
 5 SYSTEMPATH\CodeIgniter.php(507): CodeIgniter\CodeIgniter->runController(Object(App\Controllers\NotificationController))
 6 SYSTEMPATH\CodeIgniter.php(354): CodeIgniter\CodeIgniter->handleRequest(null, Object(Config\Cache), false)
 7 SYSTEMPATH\Boot.php(363): CodeIgniter\CodeIgniter->run()
 8 SYSTEMPATH\Boot.php(68): CodeIgniter\Boot::runCodeIgniter(Object(CodeIgniter\CodeIgniter))
 9 FCPATH\index.php(59): CodeIgniter\Boot::bootWeb(Object(Config\Paths))
WARNING - 2025-10-14 06:30:25 --> [DEPRECATED] date_diff_in_days(): Implicitly marking parameter $date2 as nullable is deprecated, the explicit nullable type must be used instead in APPPATH\Helpers\date_helper.php on line 363.
 1 SYSTEMPATH\Common.php(641): include_once('D:\\Proyek-KP\\laragon\\www\\sib-k-main\\system\\Debug\\Exceptions.php')
 2 SYSTEMPATH\Autoloader\Autoloader.php(488): helper([...])
 3 SYSTEMPATH\Boot.php(287): CodeIgniter\Autoloader\Autoloader->loadHelpers()
 4 SYSTEMPATH\Boot.php(65): CodeIgniter\Boot::autoloadHelpers()
 5 FCPATH\index.php(59): CodeIgniter\Boot::bootWeb(Object(Config\Paths))
DEBUG - 2025-10-14 13:30:25 --> Session: Class initialized using 'CodeIgniter\Session\Handlers\FileHandler' driver.
WARNING - 2025-10-14 13:30:25 --> [DEPRECATED] api_response(): Implicitly marking parameter $redirect_url as nullable is deprecated, the explicit nullable type must be used instead in APPPATH\Helpers\response_helper.php on line 323.
 1 SYSTEMPATH\Common.php(641): include_once('D:\\Proyek-KP\\laragon\\www\\sib-k-main\\system\\Debug\\Exceptions.php')
 2 SYSTEMPATH\Controller.php(94): helper([...])
 3 APPPATH\Controllers\BaseController.php(52): CodeIgniter\Controller->initController(Object(CodeIgniter\HTTP\IncomingRequest), Object(CodeIgniter\HTTP\Response), Object(CodeIgniter\Log\Logger))
 4 SYSTEMPATH\CodeIgniter.php(904): App\Controllers\BaseController->initController(Object(CodeIgniter\HTTP\IncomingRequest), Object(CodeIgniter\HTTP\Response), Object(CodeIgniter\Log\Logger))
 5 SYSTEMPATH\CodeIgniter.php(498): CodeIgniter\CodeIgniter->createController()
 6 SYSTEMPATH\CodeIgniter.php(354): CodeIgniter\CodeIgniter->handleRequest(null, Object(Config\Cache), false)
 7 SYSTEMPATH\Boot.php(363): CodeIgniter\CodeIgniter->run()
 8 SYSTEMPATH\Boot.php(68): CodeIgniter\Boot::runCodeIgniter(Object(CodeIgniter\CodeIgniter))
 9 FCPATH\index.php(59): CodeIgniter\Boot::bootWeb(Object(Config\Paths))
WARNING - 2025-10-14 13:30:25 --> [DEPRECATED] download_file(): Implicitly marking parameter $filename as nullable is deprecated, the explicit nullable type must be used instead in APPPATH\Helpers\response_helper.php on line 379.
 1 SYSTEMPATH\Common.php(641): include_once('D:\\Proyek-KP\\laragon\\www\\sib-k-main\\system\\Debug\\Exceptions.php')
 2 SYSTEMPATH\Controller.php(94): helper([...])
 3 APPPATH\Controllers\BaseController.php(52): CodeIgniter\Controller->initController(Object(CodeIgniter\HTTP\IncomingRequest), Object(CodeIgniter\HTTP\Response), Object(CodeIgniter\Log\Logger))
 4 SYSTEMPATH\CodeIgniter.php(904): App\Controllers\BaseController->initController(Object(CodeIgniter\HTTP\IncomingRequest), Object(CodeIgniter\HTTP\Response), Object(CodeIgniter\Log\Logger))
 5 SYSTEMPATH\CodeIgniter.php(498): CodeIgniter\CodeIgniter->createController()
 6 SYSTEMPATH\CodeIgniter.php(354): CodeIgniter\CodeIgniter->handleRequest(null, Object(Config\Cache), false)
 7 SYSTEMPATH\Boot.php(363): CodeIgniter\CodeIgniter->run()
 8 SYSTEMPATH\Boot.php(68): CodeIgniter\Boot::runCodeIgniter(Object(CodeIgniter\CodeIgniter))
 9 FCPATH\index.php(59): CodeIgniter\Boot::bootWeb(Object(Config\Paths))
WARNING - 2025-10-14 13:30:25 --> [DEPRECATED] check_access(): Implicitly marking parameter $redirect_to as nullable is deprecated, the explicit nullable type must be used instead in APPPATH\Helpers\permission_helper.php on line 506.
 1 SYSTEMPATH\Common.php(641): include_once('D:\\Proyek-KP\\laragon\\www\\sib-k-main\\system\\Debug\\Exceptions.php')
 2 SYSTEMPATH\Controller.php(94): helper([...])
 3 APPPATH\Controllers\BaseController.php(52): CodeIgniter\Controller->initController(Object(CodeIgniter\HTTP\IncomingRequest), Object(CodeIgniter\HTTP\Response), Object(CodeIgniter\Log\Logger))
 4 SYSTEMPATH\CodeIgniter.php(904): App\Controllers\BaseController->initController(Object(CodeIgniter\HTTP\IncomingRequest), Object(CodeIgniter\HTTP\Response), Object(CodeIgniter\Log\Logger))
 5 SYSTEMPATH\CodeIgniter.php(498): CodeIgniter\CodeIgniter->createController()
 6 SYSTEMPATH\CodeIgniter.php(354): CodeIgniter\CodeIgniter->handleRequest(null, Object(Config\Cache), false)
 7 SYSTEMPATH\Boot.php(363): CodeIgniter\CodeIgniter->run()
 8 SYSTEMPATH\Boot.php(68): CodeIgniter\Boot::runCodeIgniter(Object(CodeIgniter\CodeIgniter))
 9 FCPATH\index.php(59): CodeIgniter\Boot::bootWeb(Object(Config\Paths))
CRITICAL - 2025-10-14 13:30:25 --> ErrorException: touch(): Unable to create file {writable}/session/sibk_session0ded8b89f9633d76f4ab35d6f6b37dc8 because No such file or directory
[Method: GET, Route: admin/dashboard]
in SYSTEMPATH\Session\Handlers\FileHandler.php on line 193.
 1 [internal function]: CodeIgniter\Debug\Exceptions->errorHandler(2, 'touch(): Unable to create file {writable}/session/sibk_session0ded8b89f9633d76f4ab35d6f6b37dc8 because No such file or directory', 'D:\\Proyek-KP\\laragon\\www\\sib-k-main\\system\\Session\\Handlers\\FileHandler.php', 193)
 2 SYSTEMPATH\Session\Handlers\FileHandler.php(193): touch('{writable}/session/sibk_session0ded8b89f9633d76f4ab35d6f6b37dc8')
 3 [internal function]: CodeIgniter\Session\Handlers\FileHandler->write('0ded8b89f9633d76f4ab35d6f6b37dc8', '__ci_last_regenerate|i:1760423318;csrf_token_sibk|s:32:"3d899756be7e9bac82278f82065ce088";_ci_previous_url|s:35:"http://localhost:10/admin/dashboard";user_id|s:1:"1";username|s:5:"admin";email|s:17:"admin@sibk.sch.id";full_name|s:20:"Administrator Sistem";role_id|s:1:"1";role_name|s:5:"Admin";permissions|a:20:{i:0;s:12:"manage_users";i:1;s:12:"manage_roles";i:2;s:20:"manage_academic_data";i:3;s:26:"manage_counseling_sessions";i:4;s:24:"view_counseling_sessions";i:5;s:17:"manage_violations";i:6;s:15:"view_violations";i:7;s:18:"manage_assessments";i:8;s:16:"take_assessments";i:9;s:22:"view_student_portfolio";i:10;s:16:"generate_reports";i:11;s:12:"view_reports";i:12;s:13:"send_messages";i:13;s:19:"schedule_counseling";i:14;s:14:"view_dashboard";i:15;s:18:"manage_career_info";i:16;s:16:"view_career_info";i:17;s:16:"manage_sanctions";i:18;s:18:"import_export_data";i:19;s:17:"view_all_students";}profile_photo|N;is_logged_in|b:1;')
 4 [internal function]: session_write_close()
WARNING - 2025-10-14 06:30:25 --> [DEPRECATED] date_diff_in_days(): Implicitly marking parameter $date2 as nullable is deprecated, the explicit nullable type must be used instead in APPPATH\Helpers\date_helper.php on line 363.
 1 SYSTEMPATH\Common.php(641): include_once('D:\\Proyek-KP\\laragon\\www\\sib-k-main\\system\\Debug\\Exceptions.php')
 2 SYSTEMPATH\Autoloader\Autoloader.php(488): helper([...])
 3 SYSTEMPATH\Boot.php(287): CodeIgniter\Autoloader\Autoloader->loadHelpers()
 4 SYSTEMPATH\Boot.php(65): CodeIgniter\Boot::autoloadHelpers()
 5 FCPATH\index.php(59): CodeIgniter\Boot::bootWeb(Object(Config\Paths))
WARNING - 2025-10-14 06:30:25 --> [DEPRECATED] date_diff_in_days(): Implicitly marking parameter $date2 as nullable is deprecated, the explicit nullable type must be used instead in APPPATH\Helpers\date_helper.php on line 363.
 1 SYSTEMPATH\Common.php(641): include_once('D:\\Proyek-KP\\laragon\\www\\sib-k-main\\system\\Debug\\Exceptions.php')
 2 SYSTEMPATH\Autoloader\Autoloader.php(488): helper([...])
 3 SYSTEMPATH\Boot.php(287): CodeIgniter\Autoloader\Autoloader->loadHelpers()
 4 SYSTEMPATH\Boot.php(65): CodeIgniter\Boot::autoloadHelpers()
 5 FCPATH\index.php(59): CodeIgniter\Boot::bootWeb(Object(Config\Paths))
WARNING - 2025-10-14 06:30:25 --> [DEPRECATED] date_diff_in_days(): Implicitly marking parameter $date2 as nullable is deprecated, the explicit nullable type must be used instead in APPPATH\Helpers\date_helper.php on line 363.
 1 SYSTEMPATH\Common.php(641): include_once('D:\\Proyek-KP\\laragon\\www\\sib-k-main\\system\\Debug\\Exceptions.php')
 2 SYSTEMPATH\Autoloader\Autoloader.php(488): helper([...])
 3 SYSTEMPATH\Boot.php(287): CodeIgniter\Autoloader\Autoloader->loadHelpers()
 4 SYSTEMPATH\Boot.php(65): CodeIgniter\Boot::autoloadHelpers()
 5 FCPATH\index.php(59): CodeIgniter\Boot::bootWeb(Object(Config\Paths))
WARNING - 2025-10-14 06:30:27 --> [DEPRECATED] date_diff_in_days(): Implicitly marking parameter $date2 as nullable is deprecated, the explicit nullable type must be used instead in APPPATH\Helpers\date_helper.php on line 363.
 1 SYSTEMPATH\Common.php(641): include_once('D:\\Proyek-KP\\laragon\\www\\sib-k-main\\system\\Debug\\Exceptions.php')
 2 SYSTEMPATH\Autoloader\Autoloader.php(488): helper([...])
 3 SYSTEMPATH\Boot.php(287): CodeIgniter\Autoloader\Autoloader->loadHelpers()
 4 SYSTEMPATH\Boot.php(65): CodeIgniter\Boot::autoloadHelpers()
 5 FCPATH\index.php(59): CodeIgniter\Boot::bootWeb(Object(Config\Paths))
DEBUG - 2025-10-14 13:30:27 --> Session: Class initialized using 'CodeIgniter\Session\Handlers\FileHandler' driver.
WARNING - 2025-10-14 13:30:27 --> [DEPRECATED] api_response(): Implicitly marking parameter $redirect_url as nullable is deprecated, the explicit nullable type must be used instead in APPPATH\Helpers\response_helper.php on line 323.
 1 SYSTEMPATH\Common.php(641): include_once('D:\\Proyek-KP\\laragon\\www\\sib-k-main\\system\\Debug\\Exceptions.php')
 2 SYSTEMPATH\Controller.php(94): helper([...])
 3 APPPATH\Controllers\BaseController.php(52): CodeIgniter\Controller->initController(Object(CodeIgniter\HTTP\IncomingRequest), Object(CodeIgniter\HTTP\Response), Object(CodeIgniter\Log\Logger))
 4 SYSTEMPATH\CodeIgniter.php(904): App\Controllers\BaseController->initController(Object(CodeIgniter\HTTP\IncomingRequest), Object(CodeIgniter\HTTP\Response), Object(CodeIgniter\Log\Logger))
 5 SYSTEMPATH\CodeIgniter.php(498): CodeIgniter\CodeIgniter->createController()
 6 SYSTEMPATH\CodeIgniter.php(354): CodeIgniter\CodeIgniter->handleRequest(null, Object(Config\Cache), false)
 7 SYSTEMPATH\Boot.php(363): CodeIgniter\CodeIgniter->run()
 8 SYSTEMPATH\Boot.php(68): CodeIgniter\Boot::runCodeIgniter(Object(CodeIgniter\CodeIgniter))
 9 FCPATH\index.php(59): CodeIgniter\Boot::bootWeb(Object(Config\Paths))
WARNING - 2025-10-14 13:30:27 --> [DEPRECATED] download_file(): Implicitly marking parameter $filename as nullable is deprecated, the explicit nullable type must be used instead in APPPATH\Helpers\response_helper.php on line 379.
 1 SYSTEMPATH\Common.php(641): include_once('D:\\Proyek-KP\\laragon\\www\\sib-k-main\\system\\Debug\\Exceptions.php')
 2 SYSTEMPATH\Controller.php(94): helper([...])
 3 APPPATH\Controllers\BaseController.php(52): CodeIgniter\Controller->initController(Object(CodeIgniter\HTTP\IncomingRequest), Object(CodeIgniter\HTTP\Response), Object(CodeIgniter\Log\Logger))
 4 SYSTEMPATH\CodeIgniter.php(904): App\Controllers\BaseController->initController(Object(CodeIgniter\HTTP\IncomingRequest), Object(CodeIgniter\HTTP\Response), Object(CodeIgniter\Log\Logger))
 5 SYSTEMPATH\CodeIgniter.php(498): CodeIgniter\CodeIgniter->createController()
 6 SYSTEMPATH\CodeIgniter.php(354): CodeIgniter\CodeIgniter->handleRequest(null, Object(Config\Cache), false)
 7 SYSTEMPATH\Boot.php(363): CodeIgniter\CodeIgniter->run()
 8 SYSTEMPATH\Boot.php(68): CodeIgniter\Boot::runCodeIgniter(Object(CodeIgniter\CodeIgniter))
 9 FCPATH\index.php(59): CodeIgniter\Boot::bootWeb(Object(Config\Paths))
WARNING - 2025-10-14 13:30:27 --> [DEPRECATED] check_access(): Implicitly marking parameter $redirect_to as nullable is deprecated, the explicit nullable type must be used instead in APPPATH\Helpers\permission_helper.php on line 506.
 1 SYSTEMPATH\Common.php(641): include_once('D:\\Proyek-KP\\laragon\\www\\sib-k-main\\system\\Debug\\Exceptions.php')
 2 SYSTEMPATH\Controller.php(94): helper([...])
 3 APPPATH\Controllers\BaseController.php(52): CodeIgniter\Controller->initController(Object(CodeIgniter\HTTP\IncomingRequest), Object(CodeIgniter\HTTP\Response), Object(CodeIgniter\Log\Logger))
 4 SYSTEMPATH\CodeIgniter.php(904): App\Controllers\BaseController->initController(Object(CodeIgniter\HTTP\IncomingRequest), Object(CodeIgniter\HTTP\Response), Object(CodeIgniter\Log\Logger))
 5 SYSTEMPATH\CodeIgniter.php(498): CodeIgniter\CodeIgniter->createController()
 6 SYSTEMPATH\CodeIgniter.php(354): CodeIgniter\CodeIgniter->handleRequest(null, Object(Config\Cache), false)
 7 SYSTEMPATH\Boot.php(363): CodeIgniter\CodeIgniter->run()
 8 SYSTEMPATH\Boot.php(68): CodeIgniter\Boot::runCodeIgniter(Object(CodeIgniter\CodeIgniter))
 9 FCPATH\index.php(59): CodeIgniter\Boot::bootWeb(Object(Config\Paths))
WARNING - 2025-10-14 06:30:27 --> [DEPRECATED] date_diff_in_days(): Implicitly marking parameter $date2 as nullable is deprecated, the explicit nullable type must be used instead in APPPATH\Helpers\date_helper.php on line 363.
 1 SYSTEMPATH\Common.php(641): include_once('D:\\Proyek-KP\\laragon\\www\\sib-k-main\\system\\Debug\\Exceptions.php')
 2 SYSTEMPATH\Autoloader\Autoloader.php(488): helper([...])
 3 SYSTEMPATH\Boot.php(287): CodeIgniter\Autoloader\Autoloader->loadHelpers()
 4 SYSTEMPATH\Boot.php(65): CodeIgniter\Boot::autoloadHelpers()
 5 FCPATH\index.php(59): CodeIgniter\Boot::bootWeb(Object(Config\Paths))
WARNING - 2025-10-14 06:30:27 --> [DEPRECATED] date_diff_in_days(): Implicitly marking parameter $date2 as nullable is deprecated, the explicit nullable type must be used instead in APPPATH\Helpers\date_helper.php on line 363.
 1 SYSTEMPATH\Common.php(641): include_once('D:\\Proyek-KP\\laragon\\www\\sib-k-main\\system\\Debug\\Exceptions.php')
 2 SYSTEMPATH\Autoloader\Autoloader.php(488): helper([...])
 3 SYSTEMPATH\Boot.php(287): CodeIgniter\Autoloader\Autoloader->loadHelpers()
 4 SYSTEMPATH\Boot.php(65): CodeIgniter\Boot::autoloadHelpers()
 5 FCPATH\index.php(59): CodeIgniter\Boot::bootWeb(Object(Config\Paths))
WARNING - 2025-10-14 06:30:27 --> [DEPRECATED] date_diff_in_days(): Implicitly marking parameter $date2 as nullable is deprecated, the explicit nullable type must be used instead in APPPATH\Helpers\date_helper.php on line 363.
 1 SYSTEMPATH\Common.php(641): include_once('D:\\Proyek-KP\\laragon\\www\\sib-k-main\\system\\Debug\\Exceptions.php')
 2 SYSTEMPATH\Autoloader\Autoloader.php(488): helper([...])
 3 SYSTEMPATH\Boot.php(287): CodeIgniter\Autoloader\Autoloader->loadHelpers()
 4 SYSTEMPATH\Boot.php(65): CodeIgniter\Boot::autoloadHelpers()
 5 FCPATH\index.php(59): CodeIgniter\Boot::bootWeb(Object(Config\Paths))
WARNING - 2025-10-14 06:30:30 --> [DEPRECATED] date_diff_in_days(): Implicitly marking parameter $date2 as nullable is deprecated, the explicit nullable type must be used instead in APPPATH\Helpers\date_helper.php on line 363.
 1 SYSTEMPATH\Common.php(641): include_once('D:\\Proyek-KP\\laragon\\www\\sib-k-main\\system\\Debug\\Exceptions.php')
 2 SYSTEMPATH\Autoloader\Autoloader.php(488): helper([...])
 3 SYSTEMPATH\Boot.php(287): CodeIgniter\Autoloader\Autoloader->loadHelpers()
 4 SYSTEMPATH\Boot.php(65): CodeIgniter\Boot::autoloadHelpers()
 5 FCPATH\index.php(59): CodeIgniter\Boot::bootWeb(Object(Config\Paths))
DEBUG - 2025-10-14 13:30:30 --> Session: Class initialized using 'CodeIgniter\Session\Handlers\FileHandler' driver.
WARNING - 2025-10-14 13:30:30 --> [DEPRECATED] api_response(): Implicitly marking parameter $redirect_url as nullable is deprecated, the explicit nullable type must be used instead in APPPATH\Helpers\response_helper.php on line 323.
 1 SYSTEMPATH\Common.php(641): include_once('D:\\Proyek-KP\\laragon\\www\\sib-k-main\\system\\Debug\\Exceptions.php')
 2 SYSTEMPATH\Controller.php(94): helper([...])
 3 APPPATH\Controllers\BaseController.php(52): CodeIgniter\Controller->initController(Object(CodeIgniter\HTTP\IncomingRequest), Object(CodeIgniter\HTTP\Response), Object(CodeIgniter\Log\Logger))
 4 SYSTEMPATH\CodeIgniter.php(904): App\Controllers\BaseController->initController(Object(CodeIgniter\HTTP\IncomingRequest), Object(CodeIgniter\HTTP\Response), Object(CodeIgniter\Log\Logger))
 5 SYSTEMPATH\CodeIgniter.php(498): CodeIgniter\CodeIgniter->createController()
 6 SYSTEMPATH\CodeIgniter.php(354): CodeIgniter\CodeIgniter->handleRequest(null, Object(Config\Cache), false)
 7 SYSTEMPATH\Boot.php(363): CodeIgniter\CodeIgniter->run()
 8 SYSTEMPATH\Boot.php(68): CodeIgniter\Boot::runCodeIgniter(Object(CodeIgniter\CodeIgniter))
 9 FCPATH\index.php(59): CodeIgniter\Boot::bootWeb(Object(Config\Paths))
WARNING - 2025-10-14 13:30:30 --> [DEPRECATED] download_file(): Implicitly marking parameter $filename as nullable is deprecated, the explicit nullable type must be used instead in APPPATH\Helpers\response_helper.php on line 379.
 1 SYSTEMPATH\Common.php(641): include_once('D:\\Proyek-KP\\laragon\\www\\sib-k-main\\system\\Debug\\Exceptions.php')
 2 SYSTEMPATH\Controller.php(94): helper([...])
 3 APPPATH\Controllers\BaseController.php(52): CodeIgniter\Controller->initController(Object(CodeIgniter\HTTP\IncomingRequest), Object(CodeIgniter\HTTP\Response), Object(CodeIgniter\Log\Logger))
 4 SYSTEMPATH\CodeIgniter.php(904): App\Controllers\BaseController->initController(Object(CodeIgniter\HTTP\IncomingRequest), Object(CodeIgniter\HTTP\Response), Object(CodeIgniter\Log\Logger))
 5 SYSTEMPATH\CodeIgniter.php(498): CodeIgniter\CodeIgniter->createController()
 6 SYSTEMPATH\CodeIgniter.php(354): CodeIgniter\CodeIgniter->handleRequest(null, Object(Config\Cache), false)
 7 SYSTEMPATH\Boot.php(363): CodeIgniter\CodeIgniter->run()
 8 SYSTEMPATH\Boot.php(68): CodeIgniter\Boot::runCodeIgniter(Object(CodeIgniter\CodeIgniter))
 9 FCPATH\index.php(59): CodeIgniter\Boot::bootWeb(Object(Config\Paths))
WARNING - 2025-10-14 13:30:30 --> [DEPRECATED] check_access(): Implicitly marking parameter $redirect_to as nullable is deprecated, the explicit nullable type must be used instead in APPPATH\Helpers\permission_helper.php on line 506.
 1 SYSTEMPATH\Common.php(641): include_once('D:\\Proyek-KP\\laragon\\www\\sib-k-main\\system\\Debug\\Exceptions.php')
 2 SYSTEMPATH\Controller.php(94): helper([...])
 3 APPPATH\Controllers\BaseController.php(52): CodeIgniter\Controller->initController(Object(CodeIgniter\HTTP\IncomingRequest), Object(CodeIgniter\HTTP\Response), Object(CodeIgniter\Log\Logger))
 4 SYSTEMPATH\CodeIgniter.php(904): App\Controllers\BaseController->initController(Object(CodeIgniter\HTTP\IncomingRequest), Object(CodeIgniter\HTTP\Response), Object(CodeIgniter\Log\Logger))
 5 SYSTEMPATH\CodeIgniter.php(498): CodeIgniter\CodeIgniter->createController()
 6 SYSTEMPATH\CodeIgniter.php(354): CodeIgniter\CodeIgniter->handleRequest(null, Object(Config\Cache), false)
 7 SYSTEMPATH\Boot.php(363): CodeIgniter\CodeIgniter->run()
 8 SYSTEMPATH\Boot.php(68): CodeIgniter\Boot::runCodeIgniter(Object(CodeIgniter\CodeIgniter))
 9 FCPATH\index.php(59): CodeIgniter\Boot::bootWeb(Object(Config\Paths))
WARNING - 2025-10-14 06:30:30 --> [DEPRECATED] date_diff_in_days(): Implicitly marking parameter $date2 as nullable is deprecated, the explicit nullable type must be used instead in APPPATH\Helpers\date_helper.php on line 363.
 1 SYSTEMPATH\Common.php(641): include_once('D:\\Proyek-KP\\laragon\\www\\sib-k-main\\system\\Debug\\Exceptions.php')
 2 SYSTEMPATH\Autoloader\Autoloader.php(488): helper([...])
 3 SYSTEMPATH\Boot.php(287): CodeIgniter\Autoloader\Autoloader->loadHelpers()
 4 SYSTEMPATH\Boot.php(65): CodeIgniter\Boot::autoloadHelpers()
 5 FCPATH\index.php(59): CodeIgniter\Boot::bootWeb(Object(Config\Paths))
WARNING - 2025-10-14 06:30:30 --> [DEPRECATED] date_diff_in_days(): Implicitly marking parameter $date2 as nullable is deprecated, the explicit nullable type must be used instead in APPPATH\Helpers\date_helper.php on line 363.
 1 SYSTEMPATH\Common.php(641): include_once('D:\\Proyek-KP\\laragon\\www\\sib-k-main\\system\\Debug\\Exceptions.php')
 2 SYSTEMPATH\Autoloader\Autoloader.php(488): helper([...])
 3 SYSTEMPATH\Boot.php(287): CodeIgniter\Autoloader\Autoloader->loadHelpers()
 4 SYSTEMPATH\Boot.php(65): CodeIgniter\Boot::autoloadHelpers()
 5 FCPATH\index.php(59): CodeIgniter\Boot::bootWeb(Object(Config\Paths))
WARNING - 2025-10-14 06:30:31 --> [DEPRECATED] date_diff_in_days(): Implicitly marking parameter $date2 as nullable is deprecated, the explicit nullable type must be used instead in APPPATH\Helpers\date_helper.php on line 363.
 1 SYSTEMPATH\Common.php(641): include_once('D:\\Proyek-KP\\laragon\\www\\sib-k-main\\system\\Debug\\Exceptions.php')
 2 SYSTEMPATH\Autoloader\Autoloader.php(488): helper([...])
 3 SYSTEMPATH\Boot.php(287): CodeIgniter\Autoloader\Autoloader->loadHelpers()
 4 SYSTEMPATH\Boot.php(65): CodeIgniter\Boot::autoloadHelpers()
 5 FCPATH\index.php(59): CodeIgniter\Boot::bootWeb(Object(Config\Paths))
WARNING - 2025-10-14 06:30:37 --> [DEPRECATED] date_diff_in_days(): Implicitly marking parameter $date2 as nullable is deprecated, the explicit nullable type must be used instead in APPPATH\Helpers\date_helper.php on line 363.
 1 SYSTEMPATH\Common.php(641): include_once('D:\\Proyek-KP\\laragon\\www\\sib-k-main\\system\\Debug\\Exceptions.php')
 2 SYSTEMPATH\Autoloader\Autoloader.php(488): helper([...])
 3 SYSTEMPATH\Boot.php(287): CodeIgniter\Autoloader\Autoloader->loadHelpers()
 4 SYSTEMPATH\Boot.php(65): CodeIgniter\Boot::autoloadHelpers()
 5 FCPATH\index.php(59): CodeIgniter\Boot::bootWeb(Object(Config\Paths))
DEBUG - 2025-10-14 13:30:37 --> Session: Class initialized using 'CodeIgniter\Session\Handlers\FileHandler' driver.
WARNING - 2025-10-14 13:30:37 --> [DEPRECATED] api_response(): Implicitly marking parameter $redirect_url as nullable is deprecated, the explicit nullable type must be used instead in APPPATH\Helpers\response_helper.php on line 323.
 1 SYSTEMPATH\Common.php(641): include_once('D:\\Proyek-KP\\laragon\\www\\sib-k-main\\system\\Debug\\Exceptions.php')
 2 SYSTEMPATH\Controller.php(94): helper([...])
 3 APPPATH\Controllers\BaseController.php(52): CodeIgniter\Controller->initController(Object(CodeIgniter\HTTP\IncomingRequest), Object(CodeIgniter\HTTP\Response), Object(CodeIgniter\Log\Logger))
 4 SYSTEMPATH\CodeIgniter.php(904): App\Controllers\BaseController->initController(Object(CodeIgniter\HTTP\IncomingRequest), Object(CodeIgniter\HTTP\Response), Object(CodeIgniter\Log\Logger))
 5 SYSTEMPATH\CodeIgniter.php(498): CodeIgniter\CodeIgniter->createController()
 6 SYSTEMPATH\CodeIgniter.php(354): CodeIgniter\CodeIgniter->handleRequest(null, Object(Config\Cache), false)
 7 SYSTEMPATH\Boot.php(363): CodeIgniter\CodeIgniter->run()
 8 SYSTEMPATH\Boot.php(68): CodeIgniter\Boot::runCodeIgniter(Object(CodeIgniter\CodeIgniter))
 9 FCPATH\index.php(59): CodeIgniter\Boot::bootWeb(Object(Config\Paths))
WARNING - 2025-10-14 13:30:37 --> [DEPRECATED] download_file(): Implicitly marking parameter $filename as nullable is deprecated, the explicit nullable type must be used instead in APPPATH\Helpers\response_helper.php on line 379.
 1 SYSTEMPATH\Common.php(641): include_once('D:\\Proyek-KP\\laragon\\www\\sib-k-main\\system\\Debug\\Exceptions.php')
 2 SYSTEMPATH\Controller.php(94): helper([...])
 3 APPPATH\Controllers\BaseController.php(52): CodeIgniter\Controller->initController(Object(CodeIgniter\HTTP\IncomingRequest), Object(CodeIgniter\HTTP\Response), Object(CodeIgniter\Log\Logger))
 4 SYSTEMPATH\CodeIgniter.php(904): App\Controllers\BaseController->initController(Object(CodeIgniter\HTTP\IncomingRequest), Object(CodeIgniter\HTTP\Response), Object(CodeIgniter\Log\Logger))
 5 SYSTEMPATH\CodeIgniter.php(498): CodeIgniter\CodeIgniter->createController()
 6 SYSTEMPATH\CodeIgniter.php(354): CodeIgniter\CodeIgniter->handleRequest(null, Object(Config\Cache), false)
 7 SYSTEMPATH\Boot.php(363): CodeIgniter\CodeIgniter->run()
 8 SYSTEMPATH\Boot.php(68): CodeIgniter\Boot::runCodeIgniter(Object(CodeIgniter\CodeIgniter))
 9 FCPATH\index.php(59): CodeIgniter\Boot::bootWeb(Object(Config\Paths))
WARNING - 2025-10-14 13:30:37 --> [DEPRECATED] check_access(): Implicitly marking parameter $redirect_to as nullable is deprecated, the explicit nullable type must be used instead in APPPATH\Helpers\permission_helper.php on line 506.
 1 SYSTEMPATH\Common.php(641): include_once('D:\\Proyek-KP\\laragon\\www\\sib-k-main\\system\\Debug\\Exceptions.php')
 2 SYSTEMPATH\Controller.php(94): helper([...])
 3 APPPATH\Controllers\BaseController.php(52): CodeIgniter\Controller->initController(Object(CodeIgniter\HTTP\IncomingRequest), Object(CodeIgniter\HTTP\Response), Object(CodeIgniter\Log\Logger))
 4 SYSTEMPATH\CodeIgniter.php(904): App\Controllers\BaseController->initController(Object(CodeIgniter\HTTP\IncomingRequest), Object(CodeIgniter\HTTP\Response), Object(CodeIgniter\Log\Logger))
 5 SYSTEMPATH\CodeIgniter.php(498): CodeIgniter\CodeIgniter->createController()
 6 SYSTEMPATH\CodeIgniter.php(354): CodeIgniter\CodeIgniter->handleRequest(null, Object(Config\Cache), false)
 7 SYSTEMPATH\Boot.php(363): CodeIgniter\CodeIgniter->run()
 8 SYSTEMPATH\Boot.php(68): CodeIgniter\Boot::runCodeIgniter(Object(CodeIgniter\CodeIgniter))
 9 FCPATH\index.php(59): CodeIgniter\Boot::bootWeb(Object(Config\Paths))
WARNING - 2025-10-14 06:30:37 --> [DEPRECATED] date_diff_in_days(): Implicitly marking parameter $date2 as nullable is deprecated, the explicit nullable type must be used instead in APPPATH\Helpers\date_helper.php on line 363.
 1 SYSTEMPATH\Common.php(641): include_once('D:\\Proyek-KP\\laragon\\www\\sib-k-main\\system\\Debug\\Exceptions.php')
 2 SYSTEMPATH\Autoloader\Autoloader.php(488): helper([...])
 3 SYSTEMPATH\Boot.php(287): CodeIgniter\Autoloader\Autoloader->loadHelpers()
 4 SYSTEMPATH\Boot.php(65): CodeIgniter\Boot::autoloadHelpers()
 5 FCPATH\index.php(59): CodeIgniter\Boot::bootWeb(Object(Config\Paths))
WARNING - 2025-10-14 06:30:37 --> [DEPRECATED] date_diff_in_days(): Implicitly marking parameter $date2 as nullable is deprecated, the explicit nullable type must be used instead in APPPATH\Helpers\date_helper.php on line 363.
 1 SYSTEMPATH\Common.php(641): include_once('D:\\Proyek-KP\\laragon\\www\\sib-k-main\\system\\Debug\\Exceptions.php')
 2 SYSTEMPATH\Autoloader\Autoloader.php(488): helper([...])
 3 SYSTEMPATH\Boot.php(287): CodeIgniter\Autoloader\Autoloader->loadHelpers()
 4 SYSTEMPATH\Boot.php(65): CodeIgniter\Boot::autoloadHelpers()
 5 FCPATH\index.php(59): CodeIgniter\Boot::bootWeb(Object(Config\Paths))
WARNING - 2025-10-14 06:30:38 --> [DEPRECATED] date_diff_in_days(): Implicitly marking parameter $date2 as nullable is deprecated, the explicit nullable type must be used instead in APPPATH\Helpers\date_helper.php on line 363.
 1 SYSTEMPATH\Common.php(641): include_once('D:\\Proyek-KP\\laragon\\www\\sib-k-main\\system\\Debug\\Exceptions.php')
 2 SYSTEMPATH\Autoloader\Autoloader.php(488): helper([...])
 3 SYSTEMPATH\Boot.php(287): CodeIgniter\Autoloader\Autoloader->loadHelpers()
 4 SYSTEMPATH\Boot.php(65): CodeIgniter\Boot::autoloadHelpers()
 5 FCPATH\index.php(59): CodeIgniter\Boot::bootWeb(Object(Config\Paths))
WARNING - 2025-10-14 06:31:06 --> [DEPRECATED] date_diff_in_days(): Implicitly marking parameter $date2 as nullable is deprecated, the explicit nullable type must be used instead in APPPATH\Helpers\date_helper.php on line 363.
 1 SYSTEMPATH\Common.php(641): include_once('D:\\Proyek-KP\\laragon\\www\\sib-k-main\\system\\Debug\\Exceptions.php')
 2 SYSTEMPATH\Autoloader\Autoloader.php(488): helper([...])
 3 SYSTEMPATH\Boot.php(287): CodeIgniter\Autoloader\Autoloader->loadHelpers()
 4 SYSTEMPATH\Boot.php(65): CodeIgniter\Boot::autoloadHelpers()
 5 FCPATH\index.php(59): CodeIgniter\Boot::bootWeb(Object(Config\Paths))
DEBUG - 2025-10-14 13:31:06 --> Session: Class initialized using 'CodeIgniter\Session\Handlers\FileHandler' driver.
WARNING - 2025-10-14 13:31:06 --> [DEPRECATED] api_response(): Implicitly marking parameter $redirect_url as nullable is deprecated, the explicit nullable type must be used instead in APPPATH\Helpers\response_helper.php on line 323.
 1 SYSTEMPATH\Common.php(641): include_once('D:\\Proyek-KP\\laragon\\www\\sib-k-main\\system\\Debug\\Exceptions.php')
 2 SYSTEMPATH\Controller.php(94): helper([...])
 3 APPPATH\Controllers\BaseController.php(52): CodeIgniter\Controller->initController(Object(CodeIgniter\HTTP\IncomingRequest), Object(CodeIgniter\HTTP\Response), Object(CodeIgniter\Log\Logger))
 4 SYSTEMPATH\CodeIgniter.php(904): App\Controllers\BaseController->initController(Object(CodeIgniter\HTTP\IncomingRequest), Object(CodeIgniter\HTTP\Response), Object(CodeIgniter\Log\Logger))
 5 SYSTEMPATH\CodeIgniter.php(498): CodeIgniter\CodeIgniter->createController()
 6 SYSTEMPATH\CodeIgniter.php(354): CodeIgniter\CodeIgniter->handleRequest(null, Object(Config\Cache), false)
 7 SYSTEMPATH\Boot.php(363): CodeIgniter\CodeIgniter->run()
 8 SYSTEMPATH\Boot.php(68): CodeIgniter\Boot::runCodeIgniter(Object(CodeIgniter\CodeIgniter))
 9 FCPATH\index.php(59): CodeIgniter\Boot::bootWeb(Object(Config\Paths))
WARNING - 2025-10-14 13:31:06 --> [DEPRECATED] download_file(): Implicitly marking parameter $filename as nullable is deprecated, the explicit nullable type must be used instead in APPPATH\Helpers\response_helper.php on line 379.
 1 SYSTEMPATH\Common.php(641): include_once('D:\\Proyek-KP\\laragon\\www\\sib-k-main\\system\\Debug\\Exceptions.php')
 2 SYSTEMPATH\Controller.php(94): helper([...])
 3 APPPATH\Controllers\BaseController.php(52): CodeIgniter\Controller->initController(Object(CodeIgniter\HTTP\IncomingRequest), Object(CodeIgniter\HTTP\Response), Object(CodeIgniter\Log\Logger))
 4 SYSTEMPATH\CodeIgniter.php(904): App\Controllers\BaseController->initController(Object(CodeIgniter\HTTP\IncomingRequest), Object(CodeIgniter\HTTP\Response), Object(CodeIgniter\Log\Logger))
 5 SYSTEMPATH\CodeIgniter.php(498): CodeIgniter\CodeIgniter->createController()
 6 SYSTEMPATH\CodeIgniter.php(354): CodeIgniter\CodeIgniter->handleRequest(null, Object(Config\Cache), false)
 7 SYSTEMPATH\Boot.php(363): CodeIgniter\CodeIgniter->run()
 8 SYSTEMPATH\Boot.php(68): CodeIgniter\Boot::runCodeIgniter(Object(CodeIgniter\CodeIgniter))
 9 FCPATH\index.php(59): CodeIgniter\Boot::bootWeb(Object(Config\Paths))
WARNING - 2025-10-14 13:31:06 --> [DEPRECATED] check_access(): Implicitly marking parameter $redirect_to as nullable is deprecated, the explicit nullable type must be used instead in APPPATH\Helpers\permission_helper.php on line 506.
 1 SYSTEMPATH\Common.php(641): include_once('D:\\Proyek-KP\\laragon\\www\\sib-k-main\\system\\Debug\\Exceptions.php')
 2 SYSTEMPATH\Controller.php(94): helper([...])
 3 APPPATH\Controllers\BaseController.php(52): CodeIgniter\Controller->initController(Object(CodeIgniter\HTTP\IncomingRequest), Object(CodeIgniter\HTTP\Response), Object(CodeIgniter\Log\Logger))
 4 SYSTEMPATH\CodeIgniter.php(904): App\Controllers\BaseController->initController(Object(CodeIgniter\HTTP\IncomingRequest), Object(CodeIgniter\HTTP\Response), Object(CodeIgniter\Log\Logger))
 5 SYSTEMPATH\CodeIgniter.php(498): CodeIgniter\CodeIgniter->createController()
 6 SYSTEMPATH\CodeIgniter.php(354): CodeIgniter\CodeIgniter->handleRequest(null, Object(Config\Cache), false)
 7 SYSTEMPATH\Boot.php(363): CodeIgniter\CodeIgniter->run()
 8 SYSTEMPATH\Boot.php(68): CodeIgniter\Boot::runCodeIgniter(Object(CodeIgniter\CodeIgniter))
 9 FCPATH\index.php(59): CodeIgniter\Boot::bootWeb(Object(Config\Paths))
WARNING - 2025-10-14 06:31:07 --> [DEPRECATED] date_diff_in_days(): Implicitly marking parameter $date2 as nullable is deprecated, the explicit nullable type must be used instead in APPPATH\Helpers\date_helper.php on line 363.
 1 SYSTEMPATH\Common.php(641): include_once('D:\\Proyek-KP\\laragon\\www\\sib-k-main\\system\\Debug\\Exceptions.php')
 2 SYSTEMPATH\Autoloader\Autoloader.php(488): helper([...])
 3 SYSTEMPATH\Boot.php(287): CodeIgniter\Autoloader\Autoloader->loadHelpers()
 4 SYSTEMPATH\Boot.php(65): CodeIgniter\Boot::autoloadHelpers()
 5 FCPATH\index.php(59): CodeIgniter\Boot::bootWeb(Object(Config\Paths))
WARNING - 2025-10-14 06:31:07 --> [DEPRECATED] date_diff_in_days(): Implicitly marking parameter $date2 as nullable is deprecated, the explicit nullable type must be used instead in APPPATH\Helpers\date_helper.php on line 363.
 1 SYSTEMPATH\Common.php(641): include_once('D:\\Proyek-KP\\laragon\\www\\sib-k-main\\system\\Debug\\Exceptions.php')
 2 SYSTEMPATH\Autoloader\Autoloader.php(488): helper([...])
 3 SYSTEMPATH\Boot.php(287): CodeIgniter\Autoloader\Autoloader->loadHelpers()
 4 SYSTEMPATH\Boot.php(65): CodeIgniter\Boot::autoloadHelpers()
 5 FCPATH\index.php(59): CodeIgniter\Boot::bootWeb(Object(Config\Paths))
WARNING - 2025-10-14 06:31:07 --> [DEPRECATED] date_diff_in_days(): Implicitly marking parameter $date2 as nullable is deprecated, the explicit nullable type must be used instead in APPPATH\Helpers\date_helper.php on line 363.
 1 SYSTEMPATH\Common.php(641): include_once('D:\\Proyek-KP\\laragon\\www\\sib-k-main\\system\\Debug\\Exceptions.php')
 2 SYSTEMPATH\Autoloader\Autoloader.php(488): helper([...])
 3 SYSTEMPATH\Boot.php(287): CodeIgniter\Autoloader\Autoloader->loadHelpers()
 4 SYSTEMPATH\Boot.php(65): CodeIgniter\Boot::autoloadHelpers()
 5 FCPATH\index.php(59): CodeIgniter\Boot::bootWeb(Object(Config\Paths))
